2026-05-28 17:58:08,725 [INFO] State loaded — 284 previously seen items.
2026-05-28 17:58:08,725 [INFO] Fetching: Intune
2026-05-28 17:58:08,725 [INFO]   RSS → Intune
2026-05-28 17:58:09,736 [INFO]   → 0 raw items fetched.
2026-05-28 17:58:11,738 [INFO] Fetching: Defender XDR
2026-05-28 17:58:11,738 [INFO]   RSS → Defender XDR
2026-05-28 17:58:12,740 [INFO]   → 0 raw items fetched.
2026-05-28 17:58:14,742 [INFO] Fetching: Entra ID
2026-05-28 17:58:14,743 [INFO]   RSS → Entra ID
2026-05-28 17:58:15,773 [INFO]   → 0 raw items fetched.
2026-05-28 17:58:17,775 [INFO] Fetching: Teams
2026-05-28 17:58:17,776 [INFO]   RSS → Teams
2026-05-28 17:58:21,798 [INFO]   → 0 raw items fetched.
2026-05-28 17:58:23,800 [INFO] Fetching: Microsoft Security Blog (Zero Trust)
2026-05-28 17:58:23,801 [INFO]   RSS → Microsoft Security Blog (Zero Trust)
2026-05-28 17:58:24,061 [INFO]   → 10 raw items fetched.
2026-05-28 17:58:26,063 [INFO] Fetching: Purview
2026-05-28 17:58:26,064 [INFO]   RSS → Purview
2026-05-28 17:58:27,245 [INFO]   → 0 raw items fetched.
2026-05-28 17:58:29,248 [INFO] Fetching: SharePoint / OneDrive
2026-05-28 17:58:29,248 [INFO]   RSS → SharePoint / OneDrive
2026-05-28 17:58:32,862 [INFO]   → 0 raw items fetched.
2026-05-28 17:58:34,864 [INFO] Fetching: Microsoft 365 Roadmap
2026-05-28 17:58:34,865 [INFO]   RSS → Microsoft 365 Roadmap
2026-05-28 17:58:36,760 [INFO]   → 15 raw items fetched.
2026-05-28 17:58:38,760 [INFO] Fetching: Agent 365
2026-05-28 17:58:38,761 [INFO]   RSS → Agent 365
2026-05-28 17:58:38,889 [INFO]   → 10 raw items fetched.
2026-05-28 17:58:40,891 [INFO] Fetching: Defender for Endpoint
2026-05-28 17:58:40,891 [INFO]   RSS → Defender for Endpoint
2026-05-28 17:58:41,748 [INFO]   → 0 raw items fetched.
2026-05-28 17:58:43,750 [INFO] Fetching: Defender for Identity
2026-05-28 17:58:43,750 [INFO]   RSS → Defender for Identity
2026-05-28 17:58:44,619 [INFO]   → 0 raw items fetched.
2026-05-28 17:58:46,621 [INFO] Fetching: Defender for Office 365
2026-05-28 17:58:46,621 [INFO]   RSS → Defender for Office 365
2026-05-28 17:58:47,765 [INFO]   → 0 raw items fetched.
2026-05-28 17:58:49,767 [INFO] Fetching: Exchange Online
2026-05-28 17:58:49,767 [INFO]   RSS → Exchange Online
2026-05-28 17:58:52,475 [INFO]   → 0 raw items fetched.
2026-05-28 17:58:54,477 [INFO] Fetching: Windows 365
2026-05-28 17:58:54,477 [INFO]   RSS → Windows 365
2026-05-28 17:58:55,540 [INFO]   → 0 raw items fetched.
2026-05-28 17:58:57,543 [INFO] Fetching: Windows Autopatch
2026-05-28 17:58:57,543 [INFO]   RSS → Windows Autopatch
2026-05-28 17:58:58,463 [INFO]   → 0 raw items fetched.
2026-05-28 17:59:00,465 [INFO] Fetching: Autopilot
2026-05-28 17:59:00,465 [INFO]   RSS → Autopilot
2026-05-28 17:59:01,240 [INFO]   → 0 raw items fetched.
2026-05-28 17:59:03,243 [INFO] Fetching: Global Secure Access
2026-05-28 17:59:03,243 [INFO]   RSS → Global Secure Access
2026-05-28 17:59:04,393 [INFO]   → 0 raw items fetched.
2026-05-28 17:59:06,395 [INFO] Fetching: Intune Known Issues
2026-05-28 17:59:06,396 [INFO]   HTML → Intune Known Issues
2026-05-28 17:59:06,606 [INFO]   → 21 raw items fetched.
2026-05-28 17:59:08,609 [INFO] Fetching: Windows 365 Known Issues
2026-05-28 17:59:08,609 [INFO]   HTML → Windows 365 Known Issues
2026-05-28 17:59:08,730 [INFO]   → 16 raw items fetched.
2026-05-28 17:59:10,733 [INFO] Fetching: Autopilot Known Issues
2026-05-28 17:59:10,733 [INFO]   HTML → Autopilot Known Issues
2026-05-28 17:59:10,843 [INFO]   → 24 raw items fetched.
2026-05-28 17:59:12,845 [INFO] Fetching: Defender for Endpoint Known Issues
2026-05-28 17:59:12,846 [INFO]   HTML → Defender for Endpoint Known Issues
2026-05-28 17:59:13,091 [INFO]   → 24 raw items fetched.
2026-05-28 17:59:15,093 [INFO] Fetching: Defender XDR Known Issues
2026-05-28 17:59:15,094 [INFO]   HTML → Defender XDR Known Issues
2026-05-28 17:59:15,177 [INFO]   → 7 raw items fetched.
2026-05-28 17:59:17,180 [INFO] Fetching: Purview Known Issues
2026-05-28 17:59:17,180 [INFO]   HTML → Purview Known Issues
2026-05-28 17:59:17,295 [INFO]   → 4 raw items fetched.
2026-05-28 17:59:19,297 [INFO] Fetching: Entra ID Known Issues
2026-05-28 17:59:19,297 [INFO]   HTML → Entra ID Known Issues
2026-05-28 17:59:19,404 [INFO]   → 16 raw items fetched.
2026-05-28 17:59:21,407 [INFO] Fetching: Teams Known Issues
2026-05-28 17:59:21,407 [INFO]   HTML → Teams Known Issues
2026-05-28 17:59:22,025 [INFO]   → 9 raw items fetched.
2026-05-28 17:59:24,027 [INFO] Fetching: Windows Release Health
2026-05-28 17:59:24,027 [INFO]   HTML → Windows Release Health
2026-05-28 17:59:24,076 [INFO]   → 10 raw items fetched.
2026-05-28 17:59:26,078 [INFO] Fetching: Azure Status
2026-05-28 17:59:26,079 [INFO]   RSS → Azure Status
2026-05-28 17:59:26,146 [INFO]   → 0 raw items fetched.
2026-05-28 17:59:28,148 [INFO] Fetching: Microsoft 365 Service Status
2026-05-28 17:59:28,148 [INFO]   JSON API → Microsoft 365 Service Status
2026-05-28 17:59:28,520 [WARNING]     Failed to fetch Microsoft 365 Service Status: Expecting value: line 1 column 1 (char 0)
2026-05-28 17:59:28,520 [INFO]   → 0 raw items fetched.
2026-05-28 17:59:30,529 [INFO] Health data written → /opt/modern-work-weekly/repo/site/data/health.json (131 items across 9 sources)
2026-05-28 17:59:30,531 [INFO] New items after dedup: 35
2026-05-28 17:59:30,532 [INFO] Run snapshot saved → /opt/modern-work-weekly/repo/state/weekly_draft_2026-05-28.json
2026-05-28 17:59:30,532 [INFO] Pending draft created — 35 items.
2026-05-28 17:59:30,533 [INFO] Pending draft saved → /opt/modern-work-weekly/repo/state/pending_draft.json
2026-05-28 17:59:30,533 [INFO] State saved — 310 items tracked total.
2026-05-28 18:12:37,328 [INFO] Health-only mode — scraping known issues sources.
2026-05-28 18:12:37,328 [INFO] Fetching: Intune Known Issues
2026-05-28 18:12:37,328 [INFO]   HTML → Intune Known Issues
2026-05-28 18:12:37,541 [INFO]   → 21 items
2026-05-28 18:12:39,543 [INFO] Fetching: Windows 365 Known Issues
2026-05-28 18:12:39,543 [INFO]   HTML → Windows 365 Known Issues
2026-05-28 18:12:39,723 [INFO]   → 16 items
2026-05-28 18:12:41,725 [INFO] Fetching: Autopilot Known Issues
2026-05-28 18:12:41,725 [INFO]   HTML → Autopilot Known Issues
2026-05-28 18:12:41,801 [INFO]   → 24 items
2026-05-28 18:12:43,803 [INFO] Fetching: Defender for Endpoint Known Issues
2026-05-28 18:12:43,803 [INFO]   HTML → Defender for Endpoint Known Issues
2026-05-28 18:12:44,195 [INFO]   → 24 items
2026-05-28 18:12:46,196 [INFO] Fetching: Defender XDR Known Issues
2026-05-28 18:12:46,196 [INFO]   HTML → Defender XDR Known Issues
2026-05-28 18:12:46,328 [INFO]   → 7 items
2026-05-28 18:12:48,330 [INFO] Fetching: Purview Known Issues
2026-05-28 18:12:48,330 [INFO]   HTML → Purview Known Issues
2026-05-28 18:12:48,481 [INFO]   → 4 items
2026-05-28 18:12:50,483 [INFO] Fetching: Entra ID Known Issues
2026-05-28 18:12:50,483 [INFO]   HTML → Entra ID Known Issues
2026-05-28 18:12:50,629 [INFO]   → 16 items
2026-05-28 18:12:52,632 [INFO] Fetching: Teams Known Issues
2026-05-28 18:12:52,632 [INFO]   HTML → Teams Known Issues
2026-05-28 18:12:52,932 [INFO]   → 9 items
2026-05-28 18:12:54,934 [INFO] Fetching: Windows Release Health
2026-05-28 18:12:54,934 [INFO]   HTML → Windows Release Health
2026-05-28 18:12:55,004 [INFO]   → 10 items
2026-05-28 18:12:57,007 [INFO] Fetching: Azure Status
2026-05-28 18:12:57,007 [INFO]   RSS → Azure Status
2026-05-28 18:12:57,092 [INFO]   → 0 items
2026-05-28 18:12:59,094 [INFO] Fetching: Microsoft 365 Service Status
2026-05-28 18:12:59,094 [INFO]   JSON API → Microsoft 365 Service Status
2026-05-28 18:12:59,454 [WARNING]     Failed to fetch Microsoft 365 Service Status: Expecting value: line 1 column 1 (char 0)
2026-05-28 18:12:59,454 [INFO]   → 0 items
2026-05-28 18:13:01,462 [INFO] Health data written → /opt/modern-work-weekly/repo/site/data/health.json (131 items across 9 sources)
2026-05-28 18:13:01,463 [INFO] Health-only run complete.
2026-05-28 19:08:37,903 [INFO] Health-only mode — scraping known issues sources.
2026-05-28 19:08:37,903 [INFO] Fetching: Intune Known Issues
2026-05-28 19:08:37,904 [INFO]   HTML → Intune Known Issues
2026-05-28 19:08:38,023 [INFO]   → 21 items
2026-05-28 19:08:40,025 [INFO] Fetching: Windows 365 Known Issues
2026-05-28 19:08:40,025 [INFO]   HTML → Windows 365 Known Issues
2026-05-28 19:08:40,137 [INFO]   → 16 items
2026-05-28 19:08:42,139 [INFO] Fetching: Autopilot Known Issues
2026-05-28 19:08:42,139 [INFO]   HTML → Autopilot Known Issues
2026-05-28 19:08:42,226 [INFO]   → 24 items
2026-05-28 19:08:44,228 [INFO] Fetching: Defender for Endpoint Known Issues
2026-05-28 19:08:44,228 [INFO]   HTML → Defender for Endpoint Known Issues
2026-05-28 19:08:44,420 [INFO]   → 24 items
2026-05-28 19:08:46,423 [INFO] Fetching: Defender XDR Known Issues
2026-05-28 19:08:46,423 [INFO]   HTML → Defender XDR Known Issues
2026-05-28 19:08:46,547 [INFO]   → 7 items
2026-05-28 19:08:48,549 [INFO] Fetching: Purview Known Issues
2026-05-28 19:08:48,549 [INFO]   HTML → Purview Known Issues
2026-05-28 19:08:48,648 [INFO]   → 4 items
2026-05-28 19:08:50,650 [INFO] Fetching: Entra ID Known Issues
2026-05-28 19:08:50,650 [INFO]   HTML → Entra ID Known Issues
2026-05-28 19:08:50,838 [INFO]   → 16 items
2026-05-28 19:08:52,841 [INFO] Fetching: Teams Known Issues
2026-05-28 19:08:52,841 [INFO]   HTML → Teams Known Issues
2026-05-28 19:08:53,187 [INFO]   → 9 items
2026-05-28 19:08:55,189 [INFO] Fetching: Windows Release Health
2026-05-28 19:08:55,189 [INFO]   HTML → Windows Release Health
2026-05-28 19:08:55,241 [INFO]   → 10 items
2026-05-28 19:08:57,243 [INFO] Fetching: Azure Status
2026-05-28 19:08:57,243 [INFO]   RSS → Azure Status
2026-05-28 19:08:57,324 [INFO]   → 0 items
2026-05-28 19:08:59,326 [INFO] Fetching: Microsoft 365 Service Status
2026-05-28 19:08:59,326 [INFO]   JSON API → Microsoft 365 Service Status
2026-05-28 19:08:59,670 [WARNING]     Failed to fetch Microsoft 365 Service Status: Expecting value: line 1 column 1 (char 0)
2026-05-28 19:08:59,670 [INFO]   → 0 items
2026-05-28 19:09:01,678 [INFO] Health data written → /opt/modern-work-weekly/repo/site/data/health.json (131 items, 131 new since last digest)
2026-05-28 19:09:01,678 [INFO] Health-only run complete.
