2026-05-17 22:12:19,893 [INFO] State loaded — 0 previously seen items.
2026-05-17 22:12:19,893 [INFO] Fetching: Intune
2026-05-17 22:12:19,893 [INFO]   HTML → Intune
2026-05-17 22:12:28,175 [INFO]   → 25 raw items fetched.
2026-05-17 22:12:30,177 [INFO] Fetching: Defender XDR
2026-05-17 22:12:30,177 [INFO]   HTML → Defender XDR
2026-05-17 22:12:30,234 [INFO]   → 11 raw items fetched.
2026-05-17 22:12:32,236 [INFO] Fetching: Entra ID
2026-05-17 22:12:32,236 [INFO]   HTML → Entra ID
2026-05-17 22:12:32,383 [INFO]   → 25 raw items fetched.
2026-05-17 22:12:34,385 [INFO] Fetching: Entra (Tech Community Blog)
2026-05-17 22:12:34,385 [INFO]   RSS → Entra (Tech Community Blog)
2026-05-17 22:12:34,977 [INFO]   → 0 raw items fetched.
2026-05-17 22:12:36,979 [INFO] Fetching: Teams
2026-05-17 22:12:36,979 [INFO]   HTML → Teams
2026-05-17 22:12:45,074 [WARNING]     Failed to fetch Teams: 504 Server Error: Gateway Time-out for url: https://learn.microsoft.com/en-us/microsoftteams/whats-new-microsoft-teams
2026-05-17 22:12:45,074 [INFO]   → 0 raw items fetched.
2026-05-17 22:12:47,076 [INFO] Fetching: Microsoft Security Blog (Zero Trust)
2026-05-17 22:12:47,077 [INFO]   RSS → Microsoft Security Blog (Zero Trust)
2026-05-17 22:12:47,469 [INFO]   → 10 raw items fetched.
2026-05-17 22:12:49,471 [INFO] Fetching: Purview
2026-05-17 22:12:49,471 [INFO]   HTML → Purview
2026-05-17 22:12:49,548 [INFO]   → 23 raw items fetched.
2026-05-17 22:12:51,550 [INFO] Fetching: SharePoint / OneDrive
2026-05-17 22:12:51,550 [INFO]   HTML → SharePoint / OneDrive
2026-05-17 22:12:59,624 [WARNING]     Failed to fetch SharePoint / OneDrive: 504 Server Error: Gateway Time-out for url: https://learn.microsoft.com/en-us/sharepoint/whatsnew
2026-05-17 22:12:59,624 [INFO]   → 0 raw items fetched.
2026-05-17 22:13:01,626 [INFO] Fetching: Microsoft 365 Roadmap
2026-05-17 22:13:01,627 [INFO]   RSS → Microsoft 365 Roadmap
2026-05-17 22:13:03,744 [INFO]   → 15 raw items fetched.
2026-05-17 22:13:05,746 [INFO] Fetching: Agent 365
2026-05-17 22:13:05,746 [INFO]   HTML → Agent 365
2026-05-17 22:13:07,040 [WARNING]     Failed to fetch Agent 365: 404 Client Error: Not Found for url: https://techcommunity.microsoft.com/blog/agent-365-blog
2026-05-17 22:13:07,041 [INFO]   → 0 raw items fetched.
2026-05-17 22:13:09,047 [INFO] New items after dedup: 109
2026-05-17 22:13:09,049 [INFO] Draft saved → /opt/modern-work-weekly/repo/state/weekly_draft_2026-05-17.json
2026-05-17 22:13:09,049 [INFO] State saved — 93 items tracked total.
2026-05-17 22:16:04,585 [INFO] State loaded — 93 previously seen items.
2026-05-17 22:16:04,585 [INFO] Fetching: Agent 365
2026-05-17 22:16:04,585 [INFO]   HTML → Agent 365
2026-05-17 22:16:06,762 [INFO]   → 1 raw items fetched.
2026-05-17 22:16:08,765 [INFO] New items after dedup: 1
2026-05-17 22:16:08,765 [INFO] Draft saved → /opt/modern-work-weekly/repo/state/weekly_draft_2026-05-17.json
2026-05-17 22:16:08,765 [INFO] State saved — 94 items tracked total.
2026-05-17 22:16:08,975 [INFO] State loaded — 94 previously seen items.
2026-05-17 22:16:08,975 [INFO] Fetching: Entra (Tech Community Blog)
2026-05-17 22:16:08,975 [INFO]   RSS → Entra (Tech Community Blog)
2026-05-17 22:16:09,302 [INFO]   → 0 raw items fetched.
2026-05-17 22:16:11,304 [INFO] New items after dedup: 0
2026-05-17 22:16:11,304 [INFO] No new items this cycle. Nothing to draft.
2026-05-17 22:17:41,677 [INFO] State loaded — 94 previously seen items.
2026-05-17 22:17:41,677 [INFO] Fetching: Entra (Tech Community Blog)
2026-05-17 22:17:41,677 [INFO]   HTML → Entra (Tech Community Blog)
2026-05-17 22:17:42,760 [INFO]   → 0 raw items fetched.
2026-05-17 22:17:44,762 [INFO] New items after dedup: 0
2026-05-17 22:17:44,762 [INFO] No new items this cycle. Nothing to draft.
2026-05-17 22:18:47,578 [INFO] State loaded — 94 previously seen items.
2026-05-17 22:18:47,578 [INFO] Fetching: Intune
2026-05-17 22:18:47,578 [INFO]   HTML → Intune
2026-05-17 22:18:47,868 [INFO]   → 25 raw items fetched.
2026-05-17 22:18:49,871 [INFO] Fetching: Defender XDR
2026-05-17 22:18:49,871 [INFO]   HTML → Defender XDR
2026-05-17 22:18:49,967 [INFO]   → 11 raw items fetched.
2026-05-17 22:18:51,969 [INFO] Fetching: Entra ID
2026-05-17 22:18:51,969 [INFO]   HTML → Entra ID
2026-05-17 22:18:52,085 [INFO]   → 25 raw items fetched.
2026-05-17 22:18:54,087 [INFO] Fetching: Teams
2026-05-17 22:18:54,087 [INFO]   HTML → Teams
2026-05-17 22:19:02,131 [WARNING]     Failed to fetch Teams: 504 Server Error: Gateway Time-out for url: https://learn.microsoft.com/en-us/microsoftteams/whats-new-microsoft-teams
2026-05-17 22:19:02,132 [INFO]   → 0 raw items fetched.
2026-05-17 22:19:04,134 [INFO] Fetching: Microsoft Security Blog (Zero Trust)
2026-05-17 22:19:04,134 [INFO]   RSS → Microsoft Security Blog (Zero Trust)
2026-05-17 22:19:04,369 [INFO]   → 10 raw items fetched.
2026-05-17 22:19:06,372 [INFO] Fetching: Purview
2026-05-17 22:19:06,372 [INFO]   HTML → Purview
2026-05-17 22:19:06,511 [INFO]   → 23 raw items fetched.
2026-05-17 22:19:08,513 [INFO] Fetching: SharePoint / OneDrive
2026-05-17 22:19:08,513 [INFO]   HTML → SharePoint / OneDrive
2026-05-17 22:19:16,551 [WARNING]     Failed to fetch SharePoint / OneDrive: 504 Server Error: Gateway Time-out for url: https://learn.microsoft.com/en-us/sharepoint/whatsnew
2026-05-17 22:19:16,551 [INFO]   → 0 raw items fetched.
2026-05-17 22:19:18,554 [INFO] Fetching: Microsoft 365 Roadmap
2026-05-17 22:19:18,554 [INFO]   RSS → Microsoft 365 Roadmap
2026-05-17 22:19:20,585 [INFO]   → 15 raw items fetched.
2026-05-17 22:19:22,588 [INFO] Fetching: Agent 365
2026-05-17 22:19:22,588 [INFO]   HTML → Agent 365
2026-05-17 22:19:25,586 [INFO]   → 1 raw items fetched.
2026-05-17 22:19:27,592 [INFO] New items after dedup: 110
2026-05-17 22:19:27,595 [INFO] Draft saved → /opt/modern-work-weekly/repo/state/weekly_draft_2026-05-17.json
2026-05-17 22:19:27,595 [INFO] State saved — 94 items tracked total.
