2026-05-18 01:55:45,759 [INFO] State loaded — 94 previously seen items.
2026-05-18 01:55:45,759 [INFO] Fetching: Intune
2026-05-18 01:55:45,760 [INFO]   HTML → Intune
2026-05-18 01:55:46,119 [INFO]   → 25 raw items fetched.
2026-05-18 01:55:48,121 [INFO] Fetching: Defender XDR
2026-05-18 01:55:48,121 [INFO]   HTML → Defender XDR
2026-05-18 01:55:48,206 [INFO]   → 11 raw items fetched.
2026-05-18 01:55:50,208 [INFO] Fetching: Entra ID
2026-05-18 01:55:50,208 [INFO]   HTML → Entra ID
2026-05-18 01:55:50,342 [INFO]   → 25 raw items fetched.
2026-05-18 01:55:52,344 [INFO] Fetching: Teams
2026-05-18 01:55:52,344 [INFO]   HTML → Teams
2026-05-18 01:55:52,475 [WARNING]     Failed to fetch Teams: 404 Client Error: Not Found for url: https://learn.microsoft.com/en-us/microsoftteams/whats-new-microsoft-teams
2026-05-18 01:55:52,475 [INFO]   → 0 raw items fetched.
2026-05-18 01:55:54,478 [INFO] Fetching: Microsoft Security Blog (Zero Trust)
2026-05-18 01:55:54,478 [INFO]   RSS → Microsoft Security Blog (Zero Trust)
2026-05-18 01:55:54,747 [INFO]   → 10 raw items fetched.
2026-05-18 01:55:56,749 [INFO] Fetching: Purview
2026-05-18 01:55:56,750 [INFO]   HTML → Purview
2026-05-18 01:55:56,813 [INFO]   → 23 raw items fetched.
2026-05-18 01:55:58,815 [INFO] Fetching: SharePoint / OneDrive
2026-05-18 01:55:58,815 [INFO]   HTML → SharePoint / OneDrive
2026-05-18 01:55:59,099 [WARNING]     Failed to fetch SharePoint / OneDrive: 404 Client Error: Not Found for url: https://learn.microsoft.com/en-us/sharepoint/whatsnew
2026-05-18 01:55:59,099 [INFO]   → 0 raw items fetched.
2026-05-18 01:56:01,101 [INFO] Fetching: Microsoft 365 Roadmap
2026-05-18 01:56:01,101 [INFO]   RSS → Microsoft 365 Roadmap
2026-05-18 01:56:03,072 [INFO]   → 15 raw items fetched.
2026-05-18 01:56:05,075 [INFO] Fetching: Agent 365
2026-05-18 01:56:05,075 [INFO]   HTML → Agent 365
2026-05-18 01:56:07,865 [INFO]   → 1 raw items fetched.
2026-05-18 01:56:09,867 [INFO] Fetching: Intune Known Issues
2026-05-18 01:56:09,867 [INFO]   HTML → Intune Known Issues
2026-05-18 01:56:10,023 [INFO]   → 23 raw items fetched.
2026-05-18 01:56:12,026 [INFO] Fetching: Defender XDR Service Issues
2026-05-18 01:56:12,026 [INFO]   HTML → Defender XDR Service Issues
2026-05-18 01:56:12,139 [INFO]   → 9 raw items fetched.
2026-05-18 01:56:14,141 [INFO] Fetching: Purview Known Issues
2026-05-18 01:56:14,141 [INFO]   HTML → Purview Known Issues
2026-05-18 01:56:14,241 [INFO]   → 6 raw items fetched.
2026-05-18 01:56:16,244 [INFO] Fetching: Entra ID Troubleshooting
2026-05-18 01:56:16,244 [INFO]   HTML → Entra ID Troubleshooting
2026-05-18 01:56:16,312 [WARNING]     Failed to fetch Entra ID Troubleshooting: 404 Client Error: Not Found for url: https://learn.microsoft.com/en-us/troubleshoot/entra/entra-id/welcome-entra-id
2026-05-18 01:56:16,312 [INFO]   → 0 raw items fetched.
2026-05-18 01:56:18,316 [INFO] Health data written → /opt/modern-work-weekly/repo/site/data/health.json (38 items)
2026-05-18 01:56:18,320 [INFO] New items after dedup: 110
2026-05-18 01:56:18,335 [INFO] Draft saved → /opt/modern-work-weekly/repo/state/weekly_draft_2026-05-18.json
2026-05-18 01:56:18,336 [INFO] State saved — 94 items tracked total.
2026-05-18 01:59:07,052 [INFO] State loaded — 94 previously seen items.
2026-05-18 01:59:07,052 [INFO] Fetching: Teams
2026-05-18 01:59:07,052 [INFO]   HTML → Teams
2026-05-18 01:59:07,738 [INFO]   → 25 raw items fetched.
2026-05-18 01:59:09,740 [INFO] New items after dedup: 25
2026-05-18 01:59:09,741 [INFO] Draft saved → /opt/modern-work-weekly/repo/state/weekly_draft_2026-05-18.json
2026-05-18 01:59:09,741 [INFO] State saved — 119 items tracked total.
2026-05-18 01:59:09,949 [INFO] State loaded — 119 previously seen items.
2026-05-18 01:59:09,949 [INFO] Fetching: SharePoint / OneDrive
2026-05-18 01:59:09,949 [INFO]   HTML → SharePoint / OneDrive
2026-05-18 01:59:10,132 [INFO]   → 8 raw items fetched.
2026-05-18 01:59:12,135 [INFO] New items after dedup: 8
2026-05-18 01:59:12,135 [INFO] Draft saved → /opt/modern-work-weekly/repo/state/weekly_draft_2026-05-18.json
2026-05-18 01:59:12,136 [INFO] State saved — 126 items tracked total.
2026-05-18 01:59:12,341 [INFO] State loaded — 126 previously seen items.
2026-05-18 01:59:12,342 [INFO] Fetching: Entra ID
2026-05-18 01:59:12,342 [INFO]   HTML → Entra ID
2026-05-18 01:59:12,563 [INFO]   → 25 raw items fetched.
2026-05-18 01:59:14,566 [INFO] Fetching: Entra ID Known Issues
2026-05-18 01:59:14,566 [INFO]   HTML → Entra ID Known Issues
2026-05-18 01:59:14,698 [INFO]   → 19 raw items fetched.
2026-05-18 01:59:16,701 [INFO] Health data written → /opt/modern-work-weekly/repo/site/data/health.json (19 items)
2026-05-18 01:59:16,703 [INFO] New items after dedup: 0
2026-05-18 01:59:16,703 [INFO] No new items this cycle. Nothing to draft.
2026-05-18 02:44:39,448 [INFO] State loaded — 126 previously seen items.
2026-05-18 02:44:39,448 [INFO] Fetching: Intune
2026-05-18 02:44:39,448 [INFO]   HTML → Intune
2026-05-18 02:44:39,813 [INFO]   → 25 raw items fetched.
2026-05-18 02:44:41,816 [INFO] Fetching: Defender XDR
2026-05-18 02:44:41,816 [INFO]   HTML → Defender XDR
2026-05-18 02:44:41,872 [INFO]   → 11 raw items fetched.
2026-05-18 02:44:43,874 [INFO] Fetching: Entra ID
2026-05-18 02:44:43,874 [INFO]   HTML → Entra ID
2026-05-18 02:44:43,990 [INFO]   → 25 raw items fetched.
2026-05-18 02:44:45,992 [INFO] Fetching: Teams
2026-05-18 02:44:45,992 [INFO]   HTML → Teams
2026-05-18 02:44:46,193 [INFO]   → 25 raw items fetched.
2026-05-18 02:44:48,196 [INFO] Fetching: Microsoft Security Blog (Zero Trust)
2026-05-18 02:44:48,196 [INFO]   RSS → Microsoft Security Blog (Zero Trust)
2026-05-18 02:44:48,448 [INFO]   → 10 raw items fetched.
2026-05-18 02:44:50,450 [INFO] Fetching: Purview
2026-05-18 02:44:50,450 [INFO]   HTML → Purview
2026-05-18 02:44:50,579 [INFO]   → 23 raw items fetched.
2026-05-18 02:44:52,581 [INFO] Fetching: SharePoint / OneDrive
2026-05-18 02:44:52,582 [INFO]   HTML → SharePoint / OneDrive
2026-05-18 02:44:52,768 [INFO]   → 8 raw items fetched.
2026-05-18 02:44:54,770 [INFO] Fetching: Microsoft 365 Roadmap
2026-05-18 02:44:54,770 [INFO]   RSS → Microsoft 365 Roadmap
2026-05-18 02:44:56,899 [INFO]   → 15 raw items fetched.
2026-05-18 02:44:58,902 [INFO] Fetching: Agent 365
2026-05-18 02:44:58,902 [INFO]   HTML → Agent 365
2026-05-18 02:45:01,374 [INFO]   → 1 raw items fetched.
2026-05-18 02:45:03,376 [INFO] Fetching: Intune Known Issues
2026-05-18 02:45:03,376 [INFO]   HTML → Intune Known Issues
2026-05-18 02:45:03,470 [INFO]   → 23 raw items fetched.
2026-05-18 02:45:05,473 [INFO] Fetching: Defender XDR Service Issues
2026-05-18 02:45:05,473 [INFO]   HTML → Defender XDR Service Issues
2026-05-18 02:45:05,582 [INFO]   → 9 raw items fetched.
2026-05-18 02:45:07,584 [INFO] Fetching: Purview Known Issues
2026-05-18 02:45:07,584 [INFO]   HTML → Purview Known Issues
2026-05-18 02:45:07,730 [INFO]   → 6 raw items fetched.
2026-05-18 02:45:09,732 [INFO] Fetching: Entra ID Known Issues
2026-05-18 02:45:09,733 [INFO]   HTML → Entra ID Known Issues
2026-05-18 02:45:09,828 [INFO]   → 19 raw items fetched.
2026-05-18 02:45:11,833 [INFO] Health data written → /opt/modern-work-weekly/repo/site/data/health.json (57 items)
2026-05-18 02:45:11,837 [INFO] New items after dedup: 143
2026-05-18 02:45:11,840 [INFO] Draft saved → /opt/modern-work-weekly/repo/state/weekly_draft_2026-05-18.json
2026-05-18 02:45:11,840 [INFO] State saved — 126 items tracked total.
2026-05-18 02:45:38,026 [INFO] State loaded — 126 previously seen items.
2026-05-18 02:45:38,026 [INFO] Fetching: Intune
2026-05-18 02:45:38,027 [INFO]   HTML → Intune
2026-05-18 02:45:38,260 [INFO]   → 25 raw items fetched.
2026-05-18 02:45:40,262 [INFO] Fetching: Defender XDR
2026-05-18 02:45:40,263 [INFO]   HTML → Defender XDR
2026-05-18 02:45:40,314 [INFO]   → 11 raw items fetched.
2026-05-18 02:45:42,316 [INFO] Fetching: Entra ID
2026-05-18 02:45:42,316 [INFO]   HTML → Entra ID
2026-05-18 02:45:42,450 [INFO]   → 25 raw items fetched.
2026-05-18 02:45:44,453 [INFO] Fetching: Teams
2026-05-18 02:45:44,453 [INFO]   HTML → Teams
2026-05-18 02:45:44,582 [INFO]   → 25 raw items fetched.
2026-05-18 02:45:46,583 [INFO] Fetching: Microsoft Security Blog (Zero Trust)
2026-05-18 02:45:46,584 [INFO]   RSS → Microsoft Security Blog (Zero Trust)
2026-05-18 02:45:46,924 [INFO]   → 10 raw items fetched.
2026-05-18 02:45:48,927 [INFO] Fetching: Purview
2026-05-18 02:45:48,927 [INFO]   HTML → Purview
2026-05-18 02:45:49,413 [INFO]   → 23 raw items fetched.
2026-05-18 02:45:51,415 [INFO] Fetching: SharePoint / OneDrive
2026-05-18 02:45:51,416 [INFO]   HTML → SharePoint / OneDrive
2026-05-18 02:45:51,505 [WARNING]     Failed to fetch SharePoint / OneDrive: 404 Client Error: Not Found for url: https://learn.microsoft.com/en-us/SharePoint/what-s-new-in-sharepoint
2026-05-18 02:45:51,505 [INFO]   → 0 raw items fetched.
2026-05-18 02:45:53,507 [INFO] Fetching: Microsoft 365 Roadmap
2026-05-18 02:45:53,507 [INFO]   RSS → Microsoft 365 Roadmap
2026-05-18 02:45:55,763 [INFO]   → 15 raw items fetched.
2026-05-18 02:45:57,765 [INFO] Fetching: Agent 365
2026-05-18 02:45:57,766 [INFO]   HTML → Agent 365
2026-05-18 02:46:00,299 [INFO]   → 1 raw items fetched.
2026-05-18 02:46:02,302 [INFO] Fetching: Intune Known Issues
2026-05-18 02:46:02,302 [INFO]   HTML → Intune Known Issues
2026-05-18 02:46:02,348 [INFO]   → 23 raw items fetched.
2026-05-18 02:46:04,350 [INFO] Fetching: Defender XDR Service Issues
2026-05-18 02:46:04,350 [INFO]   HTML → Defender XDR Service Issues
2026-05-18 02:46:04,393 [INFO]   → 9 raw items fetched.
2026-05-18 02:46:06,396 [INFO] Fetching: Purview Known Issues
2026-05-18 02:46:06,396 [INFO]   HTML → Purview Known Issues
2026-05-18 02:46:06,442 [INFO]   → 6 raw items fetched.
2026-05-18 02:46:08,445 [INFO] Fetching: Entra ID Known Issues
2026-05-18 02:46:08,445 [INFO]   HTML → Entra ID Known Issues
2026-05-18 02:46:08,600 [INFO]   → 19 raw items fetched.
2026-05-18 02:46:10,604 [INFO] Health data written → /opt/modern-work-weekly/repo/site/data/health.json (57 items)
2026-05-18 02:46:10,609 [INFO] New items after dedup: 135
2026-05-18 02:46:10,611 [INFO] Draft saved → /opt/modern-work-weekly/repo/state/weekly_draft_2026-05-18.json
2026-05-18 02:46:10,611 [INFO] State saved — 126 items tracked total.
