2026-06-20 00:00:01,581 [INFO] Health-only mode — scraping known issues sources.
2026-06-20 00:00:01,581 [INFO] Fetching: Intune Known Issues
2026-06-20 00:00:01,581 [INFO]   HTML → Intune Known Issues
2026-06-20 00:00:01,794 [INFO]   → 21 items
2026-06-20 00:00:03,796 [INFO] Fetching: Windows 365 Known Issues
2026-06-20 00:00:03,796 [INFO]   HTML → Windows 365 Known Issues
2026-06-20 00:00:03,911 [INFO]   → 16 items
2026-06-20 00:00:05,913 [INFO] Fetching: Autopilot Known Issues
2026-06-20 00:00:05,913 [INFO]   HTML → Autopilot Known Issues
2026-06-20 00:00:06,085 [INFO]   → 23 items
2026-06-20 00:00:08,087 [INFO] Fetching: Defender XDR Known Issues
2026-06-20 00:00:08,087 [INFO]   HTML → Defender XDR Known Issues
2026-06-20 00:00:08,183 [INFO]   → 5 items
2026-06-20 00:00:10,185 [INFO] Fetching: Purview Known Issues
2026-06-20 00:00:10,185 [INFO]   HTML → Purview Known Issues
2026-06-20 00:00:10,296 [INFO]   → 4 items
2026-06-20 00:00:12,298 [INFO] Fetching: Entra ID Known Issues
2026-06-20 00:00:12,298 [INFO]   HTML → Entra ID Known Issues
2026-06-20 00:00:12,405 [INFO]   → 16 items
2026-06-20 00:00:14,407 [INFO] Fetching: Windows Release Health
2026-06-20 00:00:14,407 [INFO]   HTML → Windows Release Health
2026-06-20 00:00:14,501 [INFO]   → 7 items
2026-06-20 00:00:16,503 [INFO] Fetching: Azure Status
2026-06-20 00:00:16,503 [INFO]   RSS → Azure Status
2026-06-20 00:00:16,619 [INFO]   → 0 items
2026-06-20 00:00:18,621 [INFO] Fetching: Microsoft 365 Service Status
2026-06-20 00:00:18,621 [INFO]   JSON API → Microsoft 365 Service Status
2026-06-20 00:00:19,104 [INFO]     Microsoft 365 Service Status returned non-JSON response — no active incidents.
2026-06-20 00:00:19,104 [INFO]   → 0 items
2026-06-20 00:00:21,111 [INFO] Health data written → /opt/modern-work-weekly/repo/site/data/health.json (92 items, 0 new since last digest)
2026-06-20 00:00:21,112 [INFO] Deadlines refreshed — 0 expired removed, 6 remaining, updated → 2026-06-20
2026-06-20 00:00:21,112 [INFO] Health-only run complete.
2026-06-20 08:00:02,007 [INFO] Health-only mode — scraping known issues sources.
2026-06-20 08:00:02,007 [INFO] Fetching: Intune Known Issues
2026-06-20 08:00:02,007 [INFO]   HTML → Intune Known Issues
2026-06-20 08:00:02,213 [INFO]   → 21 items
2026-06-20 08:00:04,216 [INFO] Fetching: Windows 365 Known Issues
2026-06-20 08:00:04,216 [INFO]   HTML → Windows 365 Known Issues
2026-06-20 08:00:04,389 [INFO]   → 16 items
2026-06-20 08:00:06,391 [INFO] Fetching: Autopilot Known Issues
2026-06-20 08:00:06,391 [INFO]   HTML → Autopilot Known Issues
2026-06-20 08:00:06,550 [INFO]   → 23 items
2026-06-20 08:00:08,552 [INFO] Fetching: Defender XDR Known Issues
2026-06-20 08:00:08,552 [INFO]   HTML → Defender XDR Known Issues
2026-06-20 08:00:08,653 [INFO]   → 5 items
2026-06-20 08:00:10,655 [INFO] Fetching: Purview Known Issues
2026-06-20 08:00:10,655 [INFO]   HTML → Purview Known Issues
2026-06-20 08:00:10,770 [INFO]   → 4 items
2026-06-20 08:00:12,772 [INFO] Fetching: Entra ID Known Issues
2026-06-20 08:00:12,772 [INFO]   HTML → Entra ID Known Issues
2026-06-20 08:00:12,894 [INFO]   → 16 items
2026-06-20 08:00:14,896 [INFO] Fetching: Windows Release Health
2026-06-20 08:00:14,896 [INFO]   HTML → Windows Release Health
2026-06-20 08:00:15,026 [INFO]   → 7 items
2026-06-20 08:00:17,028 [INFO] Fetching: Azure Status
2026-06-20 08:00:17,028 [INFO]   RSS → Azure Status
2026-06-20 08:00:17,125 [INFO]   → 0 items
2026-06-20 08:00:19,127 [INFO] Fetching: Microsoft 365 Service Status
2026-06-20 08:00:19,127 [INFO]   JSON API → Microsoft 365 Service Status
2026-06-20 08:00:19,473 [INFO]     Microsoft 365 Service Status returned non-JSON response — no active incidents.
2026-06-20 08:00:19,473 [INFO]   → 0 items
2026-06-20 08:00:21,481 [INFO] Health data written → /opt/modern-work-weekly/repo/site/data/health.json (92 items, 0 new since last digest)
2026-06-20 08:00:21,481 [INFO] Deadlines refreshed — 0 expired removed, 6 remaining, updated → 2026-06-20
2026-06-20 08:00:21,481 [INFO] Health-only run complete.
2026-06-20 16:00:01,870 [INFO] Health-only mode — scraping known issues sources.
2026-06-20 16:00:01,870 [INFO] Fetching: Intune Known Issues
2026-06-20 16:00:01,870 [INFO]   HTML → Intune Known Issues
2026-06-20 16:00:02,143 [INFO]   → 21 items
2026-06-20 16:00:04,145 [INFO] Fetching: Windows 365 Known Issues
2026-06-20 16:00:04,145 [INFO]   HTML → Windows 365 Known Issues
2026-06-20 16:00:04,275 [INFO]   → 16 items
2026-06-20 16:00:06,277 [INFO] Fetching: Autopilot Known Issues
2026-06-20 16:00:06,277 [INFO]   HTML → Autopilot Known Issues
2026-06-20 16:00:06,428 [INFO]   → 23 items
2026-06-20 16:00:08,431 [INFO] Fetching: Defender XDR Known Issues
2026-06-20 16:00:08,431 [INFO]   HTML → Defender XDR Known Issues
2026-06-20 16:00:08,697 [INFO]   → 5 items
2026-06-20 16:00:10,699 [INFO] Fetching: Purview Known Issues
2026-06-20 16:00:10,699 [INFO]   HTML → Purview Known Issues
2026-06-20 16:00:10,810 [INFO]   → 4 items
2026-06-20 16:00:12,812 [INFO] Fetching: Entra ID Known Issues
2026-06-20 16:00:12,812 [INFO]   HTML → Entra ID Known Issues
2026-06-20 16:00:12,938 [INFO]   → 16 items
2026-06-20 16:00:14,940 [INFO] Fetching: Windows Release Health
2026-06-20 16:00:14,941 [INFO]   HTML → Windows Release Health
2026-06-20 16:00:15,046 [INFO]   → 7 items
2026-06-20 16:00:17,048 [INFO] Fetching: Azure Status
2026-06-20 16:00:17,048 [INFO]   RSS → Azure Status
2026-06-20 16:00:17,186 [INFO]   → 0 items
2026-06-20 16:00:19,188 [INFO] Fetching: Microsoft 365 Service Status
2026-06-20 16:00:19,188 [INFO]   JSON API → Microsoft 365 Service Status
2026-06-20 16:00:19,551 [INFO]     Microsoft 365 Service Status returned non-JSON response — no active incidents.
2026-06-20 16:00:19,551 [INFO]   → 0 items
2026-06-20 16:00:21,558 [INFO] Health data written → /opt/modern-work-weekly/repo/site/data/health.json (92 items, 0 new since last digest)
2026-06-20 16:00:21,558 [INFO] Deadlines refreshed — 0 expired removed, 6 remaining, updated → 2026-06-20
2026-06-20 16:00:21,559 [INFO] Health-only run complete.
