2026-06-15 00:00:01,845 [INFO] Health-only mode — scraping known issues sources.
2026-06-15 00:00:01,845 [INFO] Fetching: Intune Known Issues
2026-06-15 00:00:01,845 [INFO]   HTML → Intune Known Issues
2026-06-15 00:00:02,021 [INFO]   → 21 items
2026-06-15 00:00:04,024 [INFO] Fetching: Windows 365 Known Issues
2026-06-15 00:00:04,024 [INFO]   HTML → Windows 365 Known Issues
2026-06-15 00:00:04,136 [INFO]   → 16 items
2026-06-15 00:00:06,138 [INFO] Fetching: Autopilot Known Issues
2026-06-15 00:00:06,138 [INFO]   HTML → Autopilot Known Issues
2026-06-15 00:00:06,261 [INFO]   → 23 items
2026-06-15 00:00:08,263 [INFO] Fetching: Defender XDR Known Issues
2026-06-15 00:00:08,263 [INFO]   HTML → Defender XDR Known Issues
2026-06-15 00:00:08,439 [INFO]   → 5 items
2026-06-15 00:00:10,441 [INFO] Fetching: Purview Known Issues
2026-06-15 00:00:10,441 [INFO]   HTML → Purview Known Issues
2026-06-15 00:00:10,546 [INFO]   → 4 items
2026-06-15 00:00:12,549 [INFO] Fetching: Entra ID Known Issues
2026-06-15 00:00:12,549 [INFO]   HTML → Entra ID Known Issues
2026-06-15 00:00:12,741 [INFO]   → 16 items
2026-06-15 00:00:14,743 [INFO] Fetching: Windows Release Health
2026-06-15 00:00:14,743 [INFO]   HTML → Windows Release Health
2026-06-15 00:00:14,802 [INFO]   → 7 items
2026-06-15 00:00:16,804 [INFO] Fetching: Azure Status
2026-06-15 00:00:16,804 [INFO]   RSS → Azure Status
2026-06-15 00:00:16,882 [INFO]   → 0 items
2026-06-15 00:00:18,884 [INFO] Fetching: Microsoft 365 Service Status
2026-06-15 00:00:18,884 [INFO]   JSON API → Microsoft 365 Service Status
2026-06-15 00:00:19,184 [INFO]     Microsoft 365 Service Status returned non-JSON response — no active incidents.
2026-06-15 00:00:19,184 [INFO]   → 0 items
2026-06-15 00:00:21,191 [INFO] Health data written → /opt/modern-work-weekly/repo/site/data/health.json (92 items, 0 new since last digest)
2026-06-15 00:00:21,192 [INFO] Deadlines refreshed — 0 expired removed, 7 remaining, updated → 2026-06-15
2026-06-15 00:00:21,192 [INFO] Health-only run complete.
2026-06-15 08:00:02,539 [INFO] Health-only mode — scraping known issues sources.
2026-06-15 08:00:02,539 [INFO] Fetching: Intune Known Issues
2026-06-15 08:00:02,539 [INFO]   HTML → Intune Known Issues
2026-06-15 08:00:02,797 [INFO]   → 21 items
2026-06-15 08:00:04,800 [INFO] Fetching: Windows 365 Known Issues
2026-06-15 08:00:04,800 [INFO]   HTML → Windows 365 Known Issues
2026-06-15 08:00:04,944 [INFO]   → 16 items
2026-06-15 08:00:06,947 [INFO] Fetching: Autopilot Known Issues
2026-06-15 08:00:06,947 [INFO]   HTML → Autopilot Known Issues
2026-06-15 08:00:07,080 [INFO]   → 23 items
2026-06-15 08:00:09,082 [INFO] Fetching: Defender XDR Known Issues
2026-06-15 08:00:09,082 [INFO]   HTML → Defender XDR Known Issues
2026-06-15 08:00:09,229 [INFO]   → 5 items
2026-06-15 08:00:11,231 [INFO] Fetching: Purview Known Issues
2026-06-15 08:00:11,231 [INFO]   HTML → Purview Known Issues
2026-06-15 08:00:11,333 [INFO]   → 4 items
2026-06-15 08:00:13,335 [INFO] Fetching: Entra ID Known Issues
2026-06-15 08:00:13,335 [INFO]   HTML → Entra ID Known Issues
2026-06-15 08:00:13,470 [INFO]   → 16 items
2026-06-15 08:00:15,473 [INFO] Fetching: Windows Release Health
2026-06-15 08:00:15,473 [INFO]   HTML → Windows Release Health
2026-06-15 08:00:15,659 [INFO]   → 7 items
2026-06-15 08:00:17,661 [INFO] Fetching: Azure Status
2026-06-15 08:00:17,661 [INFO]   RSS → Azure Status
2026-06-15 08:00:17,752 [INFO]   → 0 items
2026-06-15 08:00:19,754 [INFO] Fetching: Microsoft 365 Service Status
2026-06-15 08:00:19,754 [INFO]   JSON API → Microsoft 365 Service Status
2026-06-15 08:00:20,101 [INFO]     Microsoft 365 Service Status returned non-JSON response — no active incidents.
2026-06-15 08:00:20,101 [INFO]   → 0 items
2026-06-15 08:00:22,109 [INFO] Health data written → /opt/modern-work-weekly/repo/site/data/health.json (92 items, 0 new since last digest)
2026-06-15 08:00:22,109 [INFO] Deadlines refreshed — 0 expired removed, 7 remaining, updated → 2026-06-15
2026-06-15 08:00:22,109 [INFO] Health-only run complete.
2026-06-15 16:00:02,280 [INFO] Health-only mode — scraping known issues sources.
2026-06-15 16:00:02,280 [INFO] Fetching: Intune Known Issues
2026-06-15 16:00:02,280 [INFO]   HTML → Intune Known Issues
2026-06-15 16:00:03,703 [INFO]   → 21 items
2026-06-15 16:00:05,705 [INFO] Fetching: Windows 365 Known Issues
2026-06-15 16:00:05,706 [INFO]   HTML → Windows 365 Known Issues
2026-06-15 16:00:06,050 [INFO]   → 16 items
2026-06-15 16:00:08,052 [INFO] Fetching: Autopilot Known Issues
2026-06-15 16:00:08,052 [INFO]   HTML → Autopilot Known Issues
2026-06-15 16:00:08,426 [INFO]   → 23 items
2026-06-15 16:00:10,428 [INFO] Fetching: Defender XDR Known Issues
2026-06-15 16:00:10,428 [INFO]   HTML → Defender XDR Known Issues
2026-06-15 16:00:10,993 [INFO]   → 5 items
2026-06-15 16:00:12,996 [INFO] Fetching: Purview Known Issues
2026-06-15 16:00:12,996 [INFO]   HTML → Purview Known Issues
2026-06-15 16:00:13,318 [INFO]   → 4 items
2026-06-15 16:00:15,320 [INFO] Fetching: Entra ID Known Issues
2026-06-15 16:00:15,320 [INFO]   HTML → Entra ID Known Issues
2026-06-15 16:00:15,428 [INFO]   → 16 items
2026-06-15 16:00:17,430 [INFO] Fetching: Windows Release Health
2026-06-15 16:00:17,430 [INFO]   HTML → Windows Release Health
2026-06-15 16:00:17,499 [INFO]   → 7 items
2026-06-15 16:00:19,502 [INFO] Fetching: Azure Status
2026-06-15 16:00:19,502 [INFO]   RSS → Azure Status
2026-06-15 16:00:19,659 [INFO]   → 0 items
2026-06-15 16:00:21,661 [INFO] Fetching: Microsoft 365 Service Status
2026-06-15 16:00:21,661 [INFO]   JSON API → Microsoft 365 Service Status
2026-06-15 16:00:21,986 [INFO]     Microsoft 365 Service Status returned non-JSON response — no active incidents.
2026-06-15 16:00:21,986 [INFO]   → 0 items
2026-06-15 16:00:23,994 [INFO] Health data written → /opt/modern-work-weekly/repo/site/data/health.json (92 items, 0 new since last digest)
2026-06-15 16:00:23,994 [INFO] Deadlines refreshed — 0 expired removed, 7 remaining, updated → 2026-06-15
2026-06-15 16:00:23,994 [INFO] Health-only run complete.
