2026-05-26 00:00:01,984 [INFO] Health-only mode — scraping known issues sources.
2026-05-26 00:00:01,984 [INFO] Fetching: Intune Known Issues
2026-05-26 00:00:01,984 [INFO]   HTML → Intune Known Issues
2026-05-26 00:00:02,204 [INFO]   → 21 items
2026-05-26 00:00:04,206 [INFO] Fetching: Windows 365 Known Issues
2026-05-26 00:00:04,206 [INFO]   HTML → Windows 365 Known Issues
2026-05-26 00:00:04,507 [INFO]   → 16 items
2026-05-26 00:00:06,509 [INFO] Fetching: Autopilot Known Issues
2026-05-26 00:00:06,509 [INFO]   HTML → Autopilot Known Issues
2026-05-26 00:00:06,864 [INFO]   → 24 items
2026-05-26 00:00:08,866 [INFO] Fetching: Defender for Endpoint Known Issues
2026-05-26 00:00:08,866 [INFO]   HTML → Defender for Endpoint Known Issues
2026-05-26 00:00:09,130 [INFO]   → 24 items
2026-05-26 00:00:11,132 [INFO] Fetching: Defender XDR Known Issues
2026-05-26 00:00:11,132 [INFO]   HTML → Defender XDR Known Issues
2026-05-26 00:00:11,293 [INFO]   → 7 items
2026-05-26 00:00:13,295 [INFO] Fetching: Purview Known Issues
2026-05-26 00:00:13,295 [INFO]   HTML → Purview Known Issues
2026-05-26 00:00:13,509 [INFO]   → 4 items
2026-05-26 00:00:15,511 [INFO] Fetching: Entra ID Known Issues
2026-05-26 00:00:15,511 [INFO]   HTML → Entra ID Known Issues
2026-05-26 00:00:15,615 [INFO]   → 16 items
2026-05-26 00:00:17,617 [INFO] Fetching: Teams Known Issues
2026-05-26 00:00:17,617 [INFO]   HTML → Teams Known Issues
2026-05-26 00:00:18,349 [INFO]   → 9 items
2026-05-26 00:00:20,351 [INFO] Fetching: Windows Release Health
2026-05-26 00:00:20,351 [INFO]   HTML → Windows Release Health
2026-05-26 00:00:20,430 [INFO]   → 10 items
2026-05-26 00:00:22,438 [INFO] Health data written → /opt/modern-work-weekly/repo/site/data/health.json (131 items across 9 sources)
2026-05-26 00:00:22,439 [INFO] Health-only run complete.
2026-05-26 07:17:27,437 [INFO] State loaded — 262 previously seen items.
2026-05-26 07:17:27,437 [INFO] Fetching: Intune
2026-05-26 07:17:27,437 [INFO]   HTML → Intune
2026-05-26 07:17:27,757 [INFO]   → 17 raw items fetched.
2026-05-26 07:17:29,760 [INFO] Fetching: Defender XDR
2026-05-26 07:17:29,760 [INFO]   HTML → Defender XDR
2026-05-26 07:17:29,825 [INFO]   → 9 raw items fetched.
2026-05-26 07:17:31,827 [INFO] Fetching: Entra ID
2026-05-26 07:17:31,827 [INFO]   HTML → Entra ID
2026-05-26 07:17:31,947 [INFO]   → 24 raw items fetched.
2026-05-26 07:17:33,949 [INFO] Fetching: Teams
2026-05-26 07:17:33,949 [INFO]   HTML → Teams
2026-05-26 07:17:34,317 [INFO]   → 24 raw items fetched.
2026-05-26 07:17:36,319 [INFO] Fetching: Microsoft Security Blog (Zero Trust)
2026-05-26 07:17:36,319 [INFO]   RSS → Microsoft Security Blog (Zero Trust)
2026-05-26 07:17:36,807 [INFO]   → 10 raw items fetched.
2026-05-26 07:17:38,809 [INFO] Fetching: Purview
2026-05-26 07:17:38,809 [INFO]   HTML → Purview
2026-05-26 07:17:38,870 [INFO]   → 22 raw items fetched.
2026-05-26 07:17:40,873 [INFO] Fetching: SharePoint / OneDrive
2026-05-26 07:17:40,873 [INFO]   HTML → SharePoint / OneDrive
2026-05-26 07:17:41,079 [INFO]   → 6 raw items fetched.
2026-05-26 07:17:43,081 [INFO] Fetching: Microsoft 365 Roadmap
2026-05-26 07:17:43,081 [INFO]   RSS → Microsoft 365 Roadmap
2026-05-26 07:17:45,139 [INFO]   → 15 raw items fetched.
2026-05-26 07:17:47,141 [INFO] Fetching: Agent 365
2026-05-26 07:17:47,141 [INFO]   HTML → Agent 365
2026-05-26 07:17:54,020 [INFO]   → 1 raw items fetched.
2026-05-26 07:17:56,022 [INFO] Fetching: Defender for Endpoint
2026-05-26 07:17:56,023 [INFO]   HTML → Defender for Endpoint
2026-05-26 07:17:56,097 [INFO]   → 8 raw items fetched.
2026-05-26 07:17:58,099 [INFO] Fetching: Defender for Office 365
2026-05-26 07:17:58,099 [INFO]   HTML → Defender for Office 365
2026-05-26 07:17:58,285 [INFO]   → 18 raw items fetched.
2026-05-26 07:18:00,288 [INFO] Fetching: Exchange Online
2026-05-26 07:18:00,288 [INFO]   HTML → Exchange Online
2026-05-26 07:18:00,389 [INFO]   → 21 raw items fetched.
2026-05-26 07:18:02,391 [INFO] Fetching: Windows 365
2026-05-26 07:18:02,392 [INFO]   HTML → Windows 365
2026-05-26 07:18:02,682 [INFO]   → 17 raw items fetched.
2026-05-26 07:18:04,685 [INFO] Fetching: Autopilot
2026-05-26 07:18:04,685 [INFO]   HTML → Autopilot
2026-05-26 07:18:04,802 [INFO]   → 24 raw items fetched.
2026-05-26 07:18:06,804 [INFO] Fetching: Global Secure Access
2026-05-26 07:18:06,804 [INFO]   HTML → Global Secure Access
2026-05-26 07:18:06,906 [INFO]   → 24 raw items fetched.
2026-05-26 07:18:08,908 [INFO] Fetching: Intune Known Issues
2026-05-26 07:18:08,908 [INFO]   HTML → Intune Known Issues
2026-05-26 07:18:09,009 [INFO]   → 21 raw items fetched.
2026-05-26 07:18:11,011 [INFO] Fetching: Windows 365 Known Issues
2026-05-26 07:18:11,011 [INFO]   HTML → Windows 365 Known Issues
2026-05-26 07:18:11,108 [INFO]   → 16 raw items fetched.
2026-05-26 07:18:13,110 [INFO] Fetching: Autopilot Known Issues
2026-05-26 07:18:13,110 [INFO]   HTML → Autopilot Known Issues
2026-05-26 07:18:13,229 [INFO]   → 24 raw items fetched.
2026-05-26 07:18:15,232 [INFO] Fetching: Defender for Endpoint Known Issues
2026-05-26 07:18:15,232 [INFO]   HTML → Defender for Endpoint Known Issues
2026-05-26 07:18:15,383 [INFO]   → 24 raw items fetched.
2026-05-26 07:18:17,385 [INFO] Fetching: Defender XDR Known Issues
2026-05-26 07:18:17,385 [INFO]   HTML → Defender XDR Known Issues
2026-05-26 07:18:17,497 [INFO]   → 7 raw items fetched.
2026-05-26 07:18:19,500 [INFO] Fetching: Purview Known Issues
2026-05-26 07:18:19,500 [INFO]   HTML → Purview Known Issues
2026-05-26 07:18:19,574 [INFO]   → 4 raw items fetched.
2026-05-26 07:18:21,576 [INFO] Fetching: Entra ID Known Issues
2026-05-26 07:18:21,577 [INFO]   HTML → Entra ID Known Issues
2026-05-26 07:18:21,687 [INFO]   → 16 raw items fetched.
2026-05-26 07:18:23,689 [INFO] Fetching: Teams Known Issues
2026-05-26 07:18:23,689 [INFO]   HTML → Teams Known Issues
2026-05-26 07:18:24,137 [INFO]   → 9 raw items fetched.
2026-05-26 07:18:26,139 [INFO] Fetching: Windows Release Health
2026-05-26 07:18:26,139 [INFO]   HTML → Windows Release Health
2026-05-26 07:18:26,197 [INFO]   → 10 raw items fetched.
2026-05-26 07:18:28,222 [INFO] Health data written → /opt/modern-work-weekly/repo/site/data/health.json (131 items across 9 sources)
2026-05-26 07:18:28,233 [INFO] New items after dedup: 240
2026-05-26 07:18:28,241 [INFO] Run snapshot saved → /opt/modern-work-weekly/repo/state/weekly_draft_2026-05-26.json
2026-05-26 07:18:28,241 [INFO] Pending draft created — 240 items.
2026-05-26 07:18:28,246 [INFO] Pending draft saved → /opt/modern-work-weekly/repo/state/pending_draft.json
2026-05-26 07:18:28,247 [INFO] State saved — 284 items tracked total.
