2026-06-07 09:02:35,619 [INFO] Health-only mode — scraping known issues sources.
2026-06-07 09:02:35,619 [INFO] Fetching: Intune Known Issues
2026-06-07 09:02:35,619 [INFO]   HTML → Intune Known Issues
2026-06-07 09:02:35,960 [INFO]   → 21 items
2026-06-07 09:02:37,962 [INFO] Fetching: Windows 365 Known Issues
2026-06-07 09:02:37,963 [INFO]   HTML → Windows 365 Known Issues
2026-06-07 09:02:38,175 [INFO]   → 16 items
2026-06-07 09:02:40,177 [INFO] Fetching: Autopilot Known Issues
2026-06-07 09:02:40,177 [INFO]   HTML → Autopilot Known Issues
2026-06-07 09:02:40,393 [INFO]   → 23 items
2026-06-07 09:02:42,396 [INFO] Fetching: Defender XDR Known Issues
2026-06-07 09:02:42,396 [INFO]   HTML → Defender XDR Known Issues
2026-06-07 09:02:42,509 [INFO]   → 5 items
2026-06-07 09:02:44,511 [INFO] Fetching: Purview Known Issues
2026-06-07 09:02:44,511 [INFO]   HTML → Purview Known Issues
2026-06-07 09:02:44,827 [INFO]   → 4 items
2026-06-07 09:02:46,829 [INFO] Fetching: Entra ID Known Issues
2026-06-07 09:02:46,829 [INFO]   HTML → Entra ID Known Issues
2026-06-07 09:02:46,954 [INFO]   → 16 items
2026-06-07 09:02:48,956 [INFO] Fetching: Windows Release Health
2026-06-07 09:02:48,956 [INFO]   HTML → Windows Release Health
2026-06-07 09:02:49,095 [INFO]   → 7 items
2026-06-07 09:02:51,097 [INFO] Fetching: Azure Status
2026-06-07 09:02:51,097 [INFO]   RSS → Azure Status
2026-06-07 09:02:51,195 [INFO]   → 0 items
2026-06-07 09:02:53,197 [INFO] Fetching: Microsoft 365 Service Status
2026-06-07 09:02:53,197 [INFO]   JSON API → Microsoft 365 Service Status
2026-06-07 09:02:53,554 [INFO]     Microsoft 365 Service Status returned non-JSON response — no active incidents.
2026-06-07 09:02:53,554 [INFO]   → 0 items
2026-06-07 09:02:55,567 [INFO] Health data written → /opt/modern-work-weekly/repo/site/data/health.json (92 items, 0 new since last digest)
2026-06-07 09:02:55,578 [INFO] Deadlines refreshed — 2 expired removed, 7 remaining, updated → 2026-06-07
2026-06-07 09:02:55,578 [INFO] Health-only run complete.
2026-06-07 10:20:08,465 [INFO] Health-only mode — scraping known issues sources.
2026-06-07 10:20:08,465 [INFO] Fetching: Intune Known Issues
2026-06-07 10:20:08,465 [INFO]   HTML → Intune Known Issues
2026-06-07 10:20:08,694 [INFO]   → 21 items
2026-06-07 10:20:10,696 [INFO] Fetching: Windows 365 Known Issues
2026-06-07 10:20:10,696 [INFO]   HTML → Windows 365 Known Issues
2026-06-07 10:20:10,798 [INFO]   → 16 items
2026-06-07 10:20:12,800 [INFO] Fetching: Autopilot Known Issues
2026-06-07 10:20:12,800 [INFO]   HTML → Autopilot Known Issues
2026-06-07 10:20:12,956 [INFO]   → 23 items
2026-06-07 10:20:14,958 [INFO] Fetching: Defender XDR Known Issues
2026-06-07 10:20:14,958 [INFO]   HTML → Defender XDR Known Issues
2026-06-07 10:20:15,055 [INFO]   → 5 items
2026-06-07 10:20:17,058 [INFO] Fetching: Purview Known Issues
2026-06-07 10:20:17,058 [INFO]   HTML → Purview Known Issues
2026-06-07 10:20:17,173 [INFO]   → 4 items
2026-06-07 10:20:19,176 [INFO] Fetching: Entra ID Known Issues
2026-06-07 10:20:19,176 [INFO]   HTML → Entra ID Known Issues
2026-06-07 10:20:19,371 [INFO]   → 16 items
2026-06-07 10:20:21,374 [INFO] Fetching: Windows Release Health
2026-06-07 10:20:21,374 [INFO]   HTML → Windows Release Health
2026-06-07 10:20:21,488 [INFO]   → 7 items
2026-06-07 10:20:23,490 [INFO] Fetching: Azure Status
2026-06-07 10:20:23,490 [INFO]   RSS → Azure Status
2026-06-07 10:20:23,596 [INFO]   → 0 items
2026-06-07 10:20:25,598 [INFO] Fetching: Microsoft 365 Service Status
2026-06-07 10:20:25,598 [INFO]   JSON API → Microsoft 365 Service Status
2026-06-07 10:20:25,937 [INFO]     Microsoft 365 Service Status returned non-JSON response — no active incidents.
2026-06-07 10:20:25,937 [INFO]   → 0 items
2026-06-07 10:20:27,944 [INFO] Health data written → /opt/modern-work-weekly/repo/site/data/health.json (92 items, 0 new since last digest)
2026-06-07 10:20:27,944 [INFO] Deadlines refreshed — 0 expired removed, 7 remaining, updated → 2026-06-07
2026-06-07 10:20:27,945 [INFO] Health-only run complete.
2026-06-07 11:07:24,636 [INFO] Health-only mode — scraping known issues sources.
2026-06-07 11:07:24,636 [INFO] Fetching: Intune Known Issues
2026-06-07 11:07:24,637 [INFO]   HTML → Intune Known Issues
2026-06-07 11:07:24,875 [INFO]   → 21 items
2026-06-07 11:07:26,877 [INFO] Fetching: Windows 365 Known Issues
2026-06-07 11:07:26,878 [INFO]   HTML → Windows 365 Known Issues
2026-06-07 11:07:27,000 [INFO]   → 16 items
2026-06-07 11:07:29,003 [INFO] Fetching: Autopilot Known Issues
2026-06-07 11:07:29,003 [INFO]   HTML → Autopilot Known Issues
2026-06-07 11:07:29,074 [INFO]   → 23 items
2026-06-07 11:07:31,076 [INFO] Fetching: Defender XDR Known Issues
2026-06-07 11:07:31,076 [INFO]   HTML → Defender XDR Known Issues
2026-06-07 11:07:31,178 [INFO]   → 5 items
2026-06-07 11:07:33,181 [INFO] Fetching: Purview Known Issues
2026-06-07 11:07:33,181 [INFO]   HTML → Purview Known Issues
2026-06-07 11:07:33,279 [INFO]   → 4 items
2026-06-07 11:07:35,282 [INFO] Fetching: Entra ID Known Issues
2026-06-07 11:07:35,282 [INFO]   HTML → Entra ID Known Issues
2026-06-07 11:07:35,444 [INFO]   → 16 items
2026-06-07 11:07:37,446 [INFO] Fetching: Windows Release Health
2026-06-07 11:07:37,447 [INFO]   HTML → Windows Release Health
2026-06-07 11:07:37,526 [INFO]   → 7 items
2026-06-07 11:07:39,528 [INFO] Fetching: Azure Status
2026-06-07 11:07:39,528 [INFO]   RSS → Azure Status
2026-06-07 11:07:39,732 [INFO]   → 0 items
2026-06-07 11:07:41,734 [INFO] Fetching: Microsoft 365 Service Status
2026-06-07 11:07:41,734 [INFO]   JSON API → Microsoft 365 Service Status
2026-06-07 11:07:42,018 [INFO]     Microsoft 365 Service Status returned non-JSON response — no active incidents.
2026-06-07 11:07:42,018 [INFO]   → 0 items
2026-06-07 11:07:44,026 [INFO] Health data written → /opt/modern-work-weekly/repo/site/data/health.json (92 items, 0 new since last digest)
2026-06-07 11:07:44,026 [INFO] Deadlines refreshed — 2 expired removed, 7 remaining, updated → 2026-06-07
2026-06-07 11:07:44,026 [INFO] Health-only run complete.
2026-06-07 16:00:02,769 [INFO] Health-only mode — scraping known issues sources.
2026-06-07 16:00:02,769 [INFO] Fetching: Intune Known Issues
2026-06-07 16:00:02,769 [INFO]   HTML → Intune Known Issues
2026-06-07 16:00:03,361 [INFO]   → 21 items
2026-06-07 16:00:05,363 [INFO] Fetching: Windows 365 Known Issues
2026-06-07 16:00:05,363 [INFO]   HTML → Windows 365 Known Issues
2026-06-07 16:00:05,589 [INFO]   → 16 items
2026-06-07 16:00:07,591 [INFO] Fetching: Autopilot Known Issues
2026-06-07 16:00:07,591 [INFO]   HTML → Autopilot Known Issues
2026-06-07 16:00:07,811 [INFO]   → 23 items
2026-06-07 16:00:09,813 [INFO] Fetching: Defender XDR Known Issues
2026-06-07 16:00:09,814 [INFO]   HTML → Defender XDR Known Issues
2026-06-07 16:00:09,996 [INFO]   → 5 items
2026-06-07 16:00:11,998 [INFO] Fetching: Purview Known Issues
2026-06-07 16:00:11,998 [INFO]   HTML → Purview Known Issues
2026-06-07 16:00:12,160 [INFO]   → 4 items
2026-06-07 16:00:14,162 [INFO] Fetching: Entra ID Known Issues
2026-06-07 16:00:14,162 [INFO]   HTML → Entra ID Known Issues
2026-06-07 16:00:14,345 [INFO]   → 16 items
2026-06-07 16:00:16,347 [INFO] Fetching: Windows Release Health
2026-06-07 16:00:16,347 [INFO]   HTML → Windows Release Health
2026-06-07 16:00:16,532 [INFO]   → 7 items
2026-06-07 16:00:18,534 [INFO] Fetching: Azure Status
2026-06-07 16:00:18,534 [INFO]   RSS → Azure Status
2026-06-07 16:00:19,014 [INFO]   → 0 items
2026-06-07 16:00:21,016 [INFO] Fetching: Microsoft 365 Service Status
2026-06-07 16:00:21,016 [INFO]   JSON API → Microsoft 365 Service Status
2026-06-07 16:00:27,037 [INFO]     Microsoft 365 Service Status returned non-JSON response — no active incidents.
2026-06-07 16:00:27,037 [INFO]   → 0 items
2026-06-07 16:00:29,044 [INFO] Health data written → /opt/modern-work-weekly/repo/site/data/health.json (92 items, 0 new since last digest)
2026-06-07 16:00:29,045 [INFO] Deadlines refreshed — 0 expired removed, 7 remaining, updated → 2026-06-07
2026-06-07 16:00:29,045 [INFO] Health-only run complete.
