2026-05-25 00:00:02,334 [INFO] Health-only mode — scraping known issues sources.
2026-05-25 00:00:02,334 [INFO] Fetching: Intune Known Issues
2026-05-25 00:00:02,334 [INFO]   HTML → Intune Known Issues
2026-05-25 00:00:02,578 [INFO]   → 21 items
2026-05-25 00:00:04,581 [INFO] Fetching: Windows 365 Known Issues
2026-05-25 00:00:04,581 [INFO]   HTML → Windows 365 Known Issues
2026-05-25 00:00:05,130 [INFO]   → 16 items
2026-05-25 00:00:07,132 [INFO] Fetching: Autopilot Known Issues
2026-05-25 00:00:07,132 [INFO]   HTML → Autopilot Known Issues
2026-05-25 00:00:07,518 [INFO]   → 24 items
2026-05-25 00:00:09,521 [INFO] Fetching: Defender for Endpoint Known Issues
2026-05-25 00:00:09,521 [INFO]   HTML → Defender for Endpoint Known Issues
2026-05-25 00:00:09,811 [INFO]   → 24 items
2026-05-25 00:00:11,813 [INFO] Fetching: Defender XDR Known Issues
2026-05-25 00:00:11,813 [INFO]   HTML → Defender XDR Known Issues
2026-05-25 00:00:11,961 [INFO]   → 7 items
2026-05-25 00:00:13,963 [INFO] Fetching: Purview Known Issues
2026-05-25 00:00:13,963 [INFO]   HTML → Purview Known Issues
2026-05-25 00:00:14,073 [INFO]   → 4 items
2026-05-25 00:00:16,075 [INFO] Fetching: Entra ID Known Issues
2026-05-25 00:00:16,075 [INFO]   HTML → Entra ID Known Issues
2026-05-25 00:00:16,449 [INFO]   → 16 items
2026-05-25 00:00:18,452 [INFO] Fetching: Teams Known Issues
2026-05-25 00:00:18,452 [INFO]   HTML → Teams Known Issues
2026-05-25 00:00:18,968 [INFO]   → 9 items
2026-05-25 00:00:20,970 [INFO] Fetching: Windows Release Health
2026-05-25 00:00:20,970 [INFO]   HTML → Windows Release Health
2026-05-25 00:00:21,364 [INFO]   → 10 items
2026-05-25 00:00:23,372 [INFO] Health data written → /opt/modern-work-weekly/repo/site/data/health.json (131 items across 9 sources)
2026-05-25 00:00:23,372 [INFO] Health-only run complete.
2026-05-25 08:00:02,145 [INFO] Health-only mode — scraping known issues sources.
2026-05-25 08:00:02,145 [INFO] Fetching: Intune Known Issues
2026-05-25 08:00:02,145 [INFO]   HTML → Intune Known Issues
2026-05-25 08:00:02,339 [INFO]   → 21 items
2026-05-25 08:00:04,341 [INFO] Fetching: Windows 365 Known Issues
2026-05-25 08:00:04,341 [INFO]   HTML → Windows 365 Known Issues
2026-05-25 08:00:04,460 [INFO]   → 16 items
2026-05-25 08:00:06,462 [INFO] Fetching: Autopilot Known Issues
2026-05-25 08:00:06,462 [INFO]   HTML → Autopilot Known Issues
2026-05-25 08:00:06,584 [INFO]   → 24 items
2026-05-25 08:00:08,587 [INFO] Fetching: Defender for Endpoint Known Issues
2026-05-25 08:00:08,587 [INFO]   HTML → Defender for Endpoint Known Issues
2026-05-25 08:00:08,956 [INFO]   → 24 items
2026-05-25 08:00:10,958 [INFO] Fetching: Defender XDR Known Issues
2026-05-25 08:00:10,959 [INFO]   HTML → Defender XDR Known Issues
2026-05-25 08:00:11,102 [INFO]   → 7 items
2026-05-25 08:00:13,104 [INFO] Fetching: Purview Known Issues
2026-05-25 08:00:13,104 [INFO]   HTML → Purview Known Issues
2026-05-25 08:00:13,215 [INFO]   → 4 items
2026-05-25 08:00:15,217 [INFO] Fetching: Entra ID Known Issues
2026-05-25 08:00:15,217 [INFO]   HTML → Entra ID Known Issues
2026-05-25 08:00:15,360 [INFO]   → 16 items
2026-05-25 08:00:17,363 [INFO] Fetching: Teams Known Issues
2026-05-25 08:00:17,363 [INFO]   HTML → Teams Known Issues
2026-05-25 08:00:17,764 [INFO]   → 9 items
2026-05-25 08:00:19,766 [INFO] Fetching: Windows Release Health
2026-05-25 08:00:19,766 [INFO]   HTML → Windows Release Health
2026-05-25 08:00:19,874 [INFO]   → 10 items
2026-05-25 08:00:21,883 [INFO] Health data written → /opt/modern-work-weekly/repo/site/data/health.json (131 items across 9 sources)
2026-05-25 08:00:21,883 [INFO] Health-only run complete.
2026-05-25 16:00:02,354 [INFO] Health-only mode — scraping known issues sources.
2026-05-25 16:00:02,354 [INFO] Fetching: Intune Known Issues
2026-05-25 16:00:02,354 [INFO]   HTML → Intune Known Issues
2026-05-25 16:00:02,659 [INFO]   → 21 items
2026-05-25 16:00:04,662 [INFO] Fetching: Windows 365 Known Issues
2026-05-25 16:00:04,662 [INFO]   HTML → Windows 365 Known Issues
2026-05-25 16:00:05,329 [INFO]   → 16 items
2026-05-25 16:00:07,331 [INFO] Fetching: Autopilot Known Issues
2026-05-25 16:00:07,331 [INFO]   HTML → Autopilot Known Issues
2026-05-25 16:00:07,791 [INFO]   → 24 items
2026-05-25 16:00:09,793 [INFO] Fetching: Defender for Endpoint Known Issues
2026-05-25 16:00:09,793 [INFO]   HTML → Defender for Endpoint Known Issues
2026-05-25 16:00:10,139 [INFO]   → 24 items
2026-05-25 16:00:12,141 [INFO] Fetching: Defender XDR Known Issues
2026-05-25 16:00:12,141 [INFO]   HTML → Defender XDR Known Issues
2026-05-25 16:00:12,235 [INFO]   → 7 items
2026-05-25 16:00:14,238 [INFO] Fetching: Purview Known Issues
2026-05-25 16:00:14,238 [INFO]   HTML → Purview Known Issues
2026-05-25 16:00:14,333 [INFO]   → 4 items
2026-05-25 16:00:16,335 [INFO] Fetching: Entra ID Known Issues
2026-05-25 16:00:16,335 [INFO]   HTML → Entra ID Known Issues
2026-05-25 16:00:16,507 [INFO]   → 16 items
2026-05-25 16:00:18,510 [INFO] Fetching: Teams Known Issues
2026-05-25 16:00:18,510 [INFO]   HTML → Teams Known Issues
2026-05-25 16:00:19,108 [INFO]   → 9 items
2026-05-25 16:00:21,110 [INFO] Fetching: Windows Release Health
2026-05-25 16:00:21,110 [INFO]   HTML → Windows Release Health
2026-05-25 16:00:21,165 [INFO]   → 10 items
2026-05-25 16:00:23,173 [INFO] Health data written → /opt/modern-work-weekly/repo/site/data/health.json (131 items across 9 sources)
2026-05-25 16:00:23,173 [INFO] Health-only run complete.
