2026-06-22 00:00:02,391 [INFO] Health-only mode — scraping known issues sources.
2026-06-22 00:00:02,391 [INFO] Fetching: Intune Known Issues
2026-06-22 00:00:02,391 [INFO]   HTML → Intune Known Issues
2026-06-22 00:00:02,656 [INFO]   → 21 items
2026-06-22 00:00:04,659 [INFO] Fetching: Windows 365 Known Issues
2026-06-22 00:00:04,659 [INFO]   HTML → Windows 365 Known Issues
2026-06-22 00:00:04,776 [INFO]   → 16 items
2026-06-22 00:00:06,778 [INFO] Fetching: Autopilot Known Issues
2026-06-22 00:00:06,778 [INFO]   HTML → Autopilot Known Issues
2026-06-22 00:00:06,931 [INFO]   → 23 items
2026-06-22 00:00:08,934 [INFO] Fetching: Defender XDR Known Issues
2026-06-22 00:00:08,934 [INFO]   HTML → Defender XDR Known Issues
2026-06-22 00:00:09,067 [INFO]   → 5 items
2026-06-22 00:00:11,069 [INFO] Fetching: Purview Known Issues
2026-06-22 00:00:11,069 [INFO]   HTML → Purview Known Issues
2026-06-22 00:00:11,184 [INFO]   → 4 items
2026-06-22 00:00:13,186 [INFO] Fetching: Entra ID Known Issues
2026-06-22 00:00:13,186 [INFO]   HTML → Entra ID Known Issues
2026-06-22 00:00:13,306 [INFO]   → 16 items
2026-06-22 00:00:15,308 [INFO] Fetching: Windows Release Health
2026-06-22 00:00:15,308 [INFO]   HTML → Windows Release Health
2026-06-22 00:00:15,469 [INFO]   → 7 items
2026-06-22 00:00:17,471 [INFO] Fetching: Azure Status
2026-06-22 00:00:17,471 [INFO]   RSS → Azure Status
2026-06-22 00:00:17,570 [INFO]   → 0 items
2026-06-22 00:00:19,572 [INFO] Fetching: Microsoft 365 Service Status
2026-06-22 00:00:19,572 [INFO]   JSON API → Microsoft 365 Service Status
2026-06-22 00:00:19,980 [INFO]     Microsoft 365 Service Status returned non-JSON response — no active incidents.
2026-06-22 00:00:19,980 [INFO]   → 0 items
2026-06-22 00:00:21,988 [INFO] Health data written → /opt/modern-work-weekly/repo/site/data/health.json (92 items, 0 new since last digest)
2026-06-22 00:00:21,988 [INFO] Deadlines refreshed — 0 expired removed, 6 remaining, updated → 2026-06-22
2026-06-22 00:00:21,988 [INFO] Health-only run complete.
2026-06-22 08:00:01,645 [INFO] Health-only mode — scraping known issues sources.
2026-06-22 08:00:01,645 [INFO] Fetching: Intune Known Issues
2026-06-22 08:00:01,645 [INFO]   HTML → Intune Known Issues
2026-06-22 08:00:02,019 [INFO]   → 21 items
2026-06-22 08:00:04,021 [INFO] Fetching: Windows 365 Known Issues
2026-06-22 08:00:04,021 [INFO]   HTML → Windows 365 Known Issues
2026-06-22 08:00:04,353 [INFO]   → 16 items
2026-06-22 08:00:06,355 [INFO] Fetching: Autopilot Known Issues
2026-06-22 08:00:06,355 [INFO]   HTML → Autopilot Known Issues
2026-06-22 08:00:06,571 [INFO]   → 23 items
2026-06-22 08:00:08,573 [INFO] Fetching: Defender XDR Known Issues
2026-06-22 08:00:08,574 [INFO]   HTML → Defender XDR Known Issues
2026-06-22 08:00:08,820 [INFO]   → 5 items
2026-06-22 08:00:10,823 [INFO] Fetching: Purview Known Issues
2026-06-22 08:00:10,823 [INFO]   HTML → Purview Known Issues
2026-06-22 08:00:11,007 [INFO]   → 4 items
2026-06-22 08:00:13,009 [INFO] Fetching: Entra ID Known Issues
2026-06-22 08:00:13,009 [INFO]   HTML → Entra ID Known Issues
2026-06-22 08:00:13,096 [INFO]   → 16 items
2026-06-22 08:00:15,098 [INFO] Fetching: Windows Release Health
2026-06-22 08:00:15,098 [INFO]   HTML → Windows Release Health
2026-06-22 08:00:15,211 [INFO]   → 7 items
2026-06-22 08:00:17,213 [INFO] Fetching: Azure Status
2026-06-22 08:00:17,213 [INFO]   RSS → Azure Status
2026-06-22 08:00:17,277 [INFO]   → 0 items
2026-06-22 08:00:19,279 [INFO] Fetching: Microsoft 365 Service Status
2026-06-22 08:00:19,279 [INFO]   JSON API → Microsoft 365 Service Status
2026-06-22 08:00:19,802 [INFO]     Microsoft 365 Service Status returned non-JSON response — no active incidents.
2026-06-22 08:00:19,802 [INFO]   → 0 items
2026-06-22 08:00:21,810 [INFO] Health data written → /opt/modern-work-weekly/repo/site/data/health.json (92 items, 1 new since last digest)
2026-06-22 08:00:21,810 [INFO] Deadlines refreshed — 0 expired removed, 6 remaining, updated → 2026-06-22
2026-06-22 08:00:21,811 [INFO] Health-only run complete.
2026-06-22 16:00:02,132 [INFO] Health-only mode — scraping known issues sources.
2026-06-22 16:00:02,132 [INFO] Fetching: Intune Known Issues
2026-06-22 16:00:02,132 [INFO]   HTML → Intune Known Issues
2026-06-22 16:00:02,452 [INFO]   → 21 items
2026-06-22 16:00:04,454 [INFO] Fetching: Windows 365 Known Issues
2026-06-22 16:00:04,454 [INFO]   HTML → Windows 365 Known Issues
2026-06-22 16:00:04,573 [INFO]   → 16 items
2026-06-22 16:00:06,575 [INFO] Fetching: Autopilot Known Issues
2026-06-22 16:00:06,577 [INFO]   HTML → Autopilot Known Issues
2026-06-22 16:00:06,664 [INFO]   → 23 items
2026-06-22 16:00:08,666 [INFO] Fetching: Defender XDR Known Issues
2026-06-22 16:00:08,666 [INFO]   HTML → Defender XDR Known Issues
2026-06-22 16:00:08,829 [INFO]   → 5 items
2026-06-22 16:00:10,832 [INFO] Fetching: Purview Known Issues
2026-06-22 16:00:10,832 [INFO]   HTML → Purview Known Issues
2026-06-22 16:00:10,994 [INFO]   → 4 items
2026-06-22 16:00:12,996 [INFO] Fetching: Entra ID Known Issues
2026-06-22 16:00:12,996 [INFO]   HTML → Entra ID Known Issues
2026-06-22 16:00:13,175 [INFO]   → 16 items
2026-06-22 16:00:15,177 [INFO] Fetching: Windows Release Health
2026-06-22 16:00:15,177 [INFO]   HTML → Windows Release Health
2026-06-22 16:00:15,359 [INFO]   → 7 items
2026-06-22 16:00:17,361 [INFO] Fetching: Azure Status
2026-06-22 16:00:17,361 [INFO]   RSS → Azure Status
2026-06-22 16:00:17,439 [INFO]   → 0 items
2026-06-22 16:00:19,441 [INFO] Fetching: Microsoft 365 Service Status
2026-06-22 16:00:19,441 [INFO]   JSON API → Microsoft 365 Service Status
2026-06-22 16:00:20,965 [INFO]     Microsoft 365 Service Status returned non-JSON response — no active incidents.
2026-06-22 16:00:20,965 [INFO]   → 0 items
2026-06-22 16:00:22,973 [INFO] Health data written → /opt/modern-work-weekly/repo/site/data/health.json (92 items, 1 new since last digest)
2026-06-22 16:00:22,973 [INFO] Deadlines refreshed — 0 expired removed, 6 remaining, updated → 2026-06-22
2026-06-22 16:00:22,973 [INFO] Health-only run complete.
