2026-05-24 00:00:02,592 [INFO] Health-only mode — scraping known issues sources.
2026-05-24 00:00:02,592 [INFO] Fetching: Intune Known Issues
2026-05-24 00:00:02,592 [INFO]   HTML → Intune Known Issues
2026-05-24 00:00:03,081 [INFO]   → 21 items
2026-05-24 00:00:05,083 [INFO] Fetching: Windows 365 Known Issues
2026-05-24 00:00:05,083 [INFO]   HTML → Windows 365 Known Issues
2026-05-24 00:00:05,647 [INFO]   → 16 items
2026-05-24 00:00:07,649 [INFO] Fetching: Autopilot Known Issues
2026-05-24 00:00:07,649 [INFO]   HTML → Autopilot Known Issues
2026-05-24 00:00:07,969 [INFO]   → 24 items
2026-05-24 00:00:09,972 [INFO] Fetching: Defender for Endpoint Known Issues
2026-05-24 00:00:09,972 [INFO]   HTML → Defender for Endpoint Known Issues
2026-05-24 00:00:10,131 [INFO]   → 24 items
2026-05-24 00:00:12,133 [INFO] Fetching: Defender XDR Known Issues
2026-05-24 00:00:12,134 [INFO]   HTML → Defender XDR Known Issues
2026-05-24 00:00:12,223 [INFO]   → 7 items
2026-05-24 00:00:14,225 [INFO] Fetching: Purview Known Issues
2026-05-24 00:00:14,225 [INFO]   HTML → Purview Known Issues
2026-05-24 00:00:14,331 [INFO]   → 4 items
2026-05-24 00:00:16,333 [INFO] Fetching: Entra ID Known Issues
2026-05-24 00:00:16,333 [INFO]   HTML → Entra ID Known Issues
2026-05-24 00:00:16,439 [INFO]   → 16 items
2026-05-24 00:00:18,441 [INFO] Fetching: Teams Known Issues
2026-05-24 00:00:18,442 [INFO]   HTML → Teams Known Issues
2026-05-24 00:00:18,891 [INFO]   → 9 items
2026-05-24 00:00:20,893 [INFO] Fetching: Windows Release Health
2026-05-24 00:00:20,893 [INFO]   HTML → Windows Release Health
2026-05-24 00:00:21,025 [INFO]   → 10 items
2026-05-24 00:00:23,033 [INFO] Health data written → /opt/modern-work-weekly/repo/site/data/health.json (131 items across 9 sources)
2026-05-24 00:00:23,033 [INFO] Health-only run complete.
2026-05-24 08:00:01,771 [INFO] Health-only mode — scraping known issues sources.
2026-05-24 08:00:01,771 [INFO] Fetching: Intune Known Issues
2026-05-24 08:00:01,771 [INFO]   HTML → Intune Known Issues
2026-05-24 08:00:01,949 [INFO]   → 21 items
2026-05-24 08:00:03,951 [INFO] Fetching: Windows 365 Known Issues
2026-05-24 08:00:03,951 [INFO]   HTML → Windows 365 Known Issues
2026-05-24 08:00:04,198 [INFO]   → 16 items
2026-05-24 08:00:06,200 [INFO] Fetching: Autopilot Known Issues
2026-05-24 08:00:06,201 [INFO]   HTML → Autopilot Known Issues
2026-05-24 08:00:06,389 [INFO]   → 24 items
2026-05-24 08:00:08,392 [INFO] Fetching: Defender for Endpoint Known Issues
2026-05-24 08:00:08,392 [INFO]   HTML → Defender for Endpoint Known Issues
2026-05-24 08:00:08,562 [INFO]   → 24 items
2026-05-24 08:00:10,564 [INFO] Fetching: Defender XDR Known Issues
2026-05-24 08:00:10,565 [INFO]   HTML → Defender XDR Known Issues
2026-05-24 08:00:10,759 [INFO]   → 7 items
2026-05-24 08:00:12,762 [INFO] Fetching: Purview Known Issues
2026-05-24 08:00:12,762 [INFO]   HTML → Purview Known Issues
2026-05-24 08:00:13,050 [INFO]   → 4 items
2026-05-24 08:00:15,052 [INFO] Fetching: Entra ID Known Issues
2026-05-24 08:00:15,052 [INFO]   HTML → Entra ID Known Issues
2026-05-24 08:00:15,156 [INFO]   → 16 items
2026-05-24 08:00:17,159 [INFO] Fetching: Teams Known Issues
2026-05-24 08:00:17,159 [INFO]   HTML → Teams Known Issues
2026-05-24 08:00:17,542 [INFO]   → 9 items
2026-05-24 08:00:19,544 [INFO] Fetching: Windows Release Health
2026-05-24 08:00:19,544 [INFO]   HTML → Windows Release Health
2026-05-24 08:00:19,653 [INFO]   → 10 items
2026-05-24 08:00:21,661 [INFO] Health data written → /opt/modern-work-weekly/repo/site/data/health.json (131 items across 9 sources)
2026-05-24 08:00:21,661 [INFO] Health-only run complete.
2026-05-24 16:00:02,050 [INFO] Health-only mode — scraping known issues sources.
2026-05-24 16:00:02,050 [INFO] Fetching: Intune Known Issues
2026-05-24 16:00:02,050 [INFO]   HTML → Intune Known Issues
2026-05-24 16:00:02,180 [INFO]   → 21 items
2026-05-24 16:00:04,182 [INFO] Fetching: Windows 365 Known Issues
2026-05-24 16:00:04,182 [INFO]   HTML → Windows 365 Known Issues
2026-05-24 16:00:04,439 [INFO]   → 16 items
2026-05-24 16:00:06,441 [INFO] Fetching: Autopilot Known Issues
2026-05-24 16:00:06,441 [INFO]   HTML → Autopilot Known Issues
2026-05-24 16:00:06,589 [INFO]   → 24 items
2026-05-24 16:00:08,591 [INFO] Fetching: Defender for Endpoint Known Issues
2026-05-24 16:00:08,591 [INFO]   HTML → Defender for Endpoint Known Issues
2026-05-24 16:00:08,804 [INFO]   → 24 items
2026-05-24 16:00:10,806 [INFO] Fetching: Defender XDR Known Issues
2026-05-24 16:00:10,806 [INFO]   HTML → Defender XDR Known Issues
2026-05-24 16:00:10,895 [INFO]   → 7 items
2026-05-24 16:00:12,897 [INFO] Fetching: Purview Known Issues
2026-05-24 16:00:12,897 [INFO]   HTML → Purview Known Issues
2026-05-24 16:00:13,000 [INFO]   → 4 items
2026-05-24 16:00:15,002 [INFO] Fetching: Entra ID Known Issues
2026-05-24 16:00:15,002 [INFO]   HTML → Entra ID Known Issues
2026-05-24 16:00:15,053 [INFO]   → 16 items
2026-05-24 16:00:17,056 [INFO] Fetching: Teams Known Issues
2026-05-24 16:00:17,056 [INFO]   HTML → Teams Known Issues
2026-05-24 16:00:17,746 [INFO]   → 9 items
2026-05-24 16:00:19,748 [INFO] Fetching: Windows Release Health
2026-05-24 16:00:19,748 [INFO]   HTML → Windows Release Health
2026-05-24 16:00:19,921 [INFO]   → 10 items
2026-05-24 16:00:21,929 [INFO] Health data written → /opt/modern-work-weekly/repo/site/data/health.json (131 items across 9 sources)
2026-05-24 16:00:21,929 [INFO] Health-only run complete.
