2026-06-21 00:00:02,037 [INFO] Health-only mode — scraping known issues sources.
2026-06-21 00:00:02,037 [INFO] Fetching: Intune Known Issues
2026-06-21 00:00:02,037 [INFO]   HTML → Intune Known Issues
2026-06-21 00:00:02,254 [INFO]   → 21 items
2026-06-21 00:00:04,256 [INFO] Fetching: Windows 365 Known Issues
2026-06-21 00:00:04,256 [INFO]   HTML → Windows 365 Known Issues
2026-06-21 00:00:04,482 [INFO]   → 16 items
2026-06-21 00:00:06,484 [INFO] Fetching: Autopilot Known Issues
2026-06-21 00:00:06,484 [INFO]   HTML → Autopilot Known Issues
2026-06-21 00:00:06,651 [INFO]   → 23 items
2026-06-21 00:00:08,653 [INFO] Fetching: Defender XDR Known Issues
2026-06-21 00:00:08,653 [INFO]   HTML → Defender XDR Known Issues
2026-06-21 00:00:08,825 [INFO]   → 5 items
2026-06-21 00:00:10,827 [INFO] Fetching: Purview Known Issues
2026-06-21 00:00:10,827 [INFO]   HTML → Purview Known Issues
2026-06-21 00:00:10,955 [INFO]   → 4 items
2026-06-21 00:00:12,957 [INFO] Fetching: Entra ID Known Issues
2026-06-21 00:00:12,957 [INFO]   HTML → Entra ID Known Issues
2026-06-21 00:00:13,091 [INFO]   → 16 items
2026-06-21 00:00:15,093 [INFO] Fetching: Windows Release Health
2026-06-21 00:00:15,093 [INFO]   HTML → Windows Release Health
2026-06-21 00:00:15,200 [INFO]   → 7 items
2026-06-21 00:00:17,202 [INFO] Fetching: Azure Status
2026-06-21 00:00:17,202 [INFO]   RSS → Azure Status
2026-06-21 00:00:17,345 [INFO]   → 0 items
2026-06-21 00:00:19,347 [INFO] Fetching: Microsoft 365 Service Status
2026-06-21 00:00:19,347 [INFO]   JSON API → Microsoft 365 Service Status
2026-06-21 00:00:19,703 [INFO]     Microsoft 365 Service Status returned non-JSON response — no active incidents.
2026-06-21 00:00:19,703 [INFO]   → 0 items
2026-06-21 00:00:21,711 [INFO] Health data written → /opt/modern-work-weekly/repo/site/data/health.json (92 items, 0 new since last digest)
2026-06-21 00:00:21,711 [INFO] Deadlines refreshed — 0 expired removed, 6 remaining, updated → 2026-06-21
2026-06-21 00:00:21,711 [INFO] Health-only run complete.
2026-06-21 08:00:02,382 [INFO] Health-only mode — scraping known issues sources.
2026-06-21 08:00:02,382 [INFO] Fetching: Intune Known Issues
2026-06-21 08:00:02,382 [INFO]   HTML → Intune Known Issues
2026-06-21 08:00:03,157 [INFO]   → 21 items
2026-06-21 08:00:05,159 [INFO] Fetching: Windows 365 Known Issues
2026-06-21 08:00:05,159 [INFO]   HTML → Windows 365 Known Issues
2026-06-21 08:00:05,279 [INFO]   → 16 items
2026-06-21 08:00:07,281 [INFO] Fetching: Autopilot Known Issues
2026-06-21 08:00:07,281 [INFO]   HTML → Autopilot Known Issues
2026-06-21 08:00:07,610 [INFO]   → 23 items
2026-06-21 08:00:09,612 [INFO] Fetching: Defender XDR Known Issues
2026-06-21 08:00:09,612 [INFO]   HTML → Defender XDR Known Issues
2026-06-21 08:00:09,712 [INFO]   → 5 items
2026-06-21 08:00:11,714 [INFO] Fetching: Purview Known Issues
2026-06-21 08:00:11,714 [INFO]   HTML → Purview Known Issues
2026-06-21 08:00:11,867 [INFO]   → 4 items
2026-06-21 08:00:13,869 [INFO] Fetching: Entra ID Known Issues
2026-06-21 08:00:13,869 [INFO]   HTML → Entra ID Known Issues
2026-06-21 08:00:14,009 [INFO]   → 16 items
2026-06-21 08:00:16,012 [INFO] Fetching: Windows Release Health
2026-06-21 08:00:16,012 [INFO]   HTML → Windows Release Health
2026-06-21 08:00:16,162 [INFO]   → 7 items
2026-06-21 08:00:18,164 [INFO] Fetching: Azure Status
2026-06-21 08:00:18,164 [INFO]   RSS → Azure Status
2026-06-21 08:00:18,230 [INFO]   → 0 items
2026-06-21 08:00:20,233 [INFO] Fetching: Microsoft 365 Service Status
2026-06-21 08:00:20,233 [INFO]   JSON API → Microsoft 365 Service Status
2026-06-21 08:00:20,531 [INFO]     Microsoft 365 Service Status returned non-JSON response — no active incidents.
2026-06-21 08:00:20,531 [INFO]   → 0 items
2026-06-21 08:00:22,538 [INFO] Health data written → /opt/modern-work-weekly/repo/site/data/health.json (92 items, 0 new since last digest)
2026-06-21 08:00:22,539 [INFO] Deadlines refreshed — 0 expired removed, 6 remaining, updated → 2026-06-21
2026-06-21 08:00:22,539 [INFO] Health-only run complete.
2026-06-21 16:00:02,356 [INFO] Health-only mode — scraping known issues sources.
2026-06-21 16:00:02,356 [INFO] Fetching: Intune Known Issues
2026-06-21 16:00:02,356 [INFO]   HTML → Intune Known Issues
2026-06-21 16:00:02,588 [INFO]   → 21 items
2026-06-21 16:00:04,590 [INFO] Fetching: Windows 365 Known Issues
2026-06-21 16:00:04,590 [INFO]   HTML → Windows 365 Known Issues
2026-06-21 16:00:04,711 [INFO]   → 16 items
2026-06-21 16:00:06,713 [INFO] Fetching: Autopilot Known Issues
2026-06-21 16:00:06,713 [INFO]   HTML → Autopilot Known Issues
2026-06-21 16:00:06,851 [INFO]   → 23 items
2026-06-21 16:00:08,853 [INFO] Fetching: Defender XDR Known Issues
2026-06-21 16:00:08,853 [INFO]   HTML → Defender XDR Known Issues
2026-06-21 16:00:08,963 [INFO]   → 5 items
2026-06-21 16:00:10,965 [INFO] Fetching: Purview Known Issues
2026-06-21 16:00:10,965 [INFO]   HTML → Purview Known Issues
2026-06-21 16:00:11,124 [INFO]   → 4 items
2026-06-21 16:00:13,127 [INFO] Fetching: Entra ID Known Issues
2026-06-21 16:00:13,127 [INFO]   HTML → Entra ID Known Issues
2026-06-21 16:00:13,257 [INFO]   → 16 items
2026-06-21 16:00:15,260 [INFO] Fetching: Windows Release Health
2026-06-21 16:00:15,260 [INFO]   HTML → Windows Release Health
2026-06-21 16:00:15,390 [INFO]   → 7 items
2026-06-21 16:00:17,392 [INFO] Fetching: Azure Status
2026-06-21 16:00:17,392 [INFO]   RSS → Azure Status
2026-06-21 16:00:17,481 [INFO]   → 0 items
2026-06-21 16:00:19,483 [INFO] Fetching: Microsoft 365 Service Status
2026-06-21 16:00:19,483 [INFO]   JSON API → Microsoft 365 Service Status
2026-06-21 16:00:19,928 [INFO]     Microsoft 365 Service Status returned non-JSON response — no active incidents.
2026-06-21 16:00:19,928 [INFO]   → 0 items
2026-06-21 16:00:21,936 [INFO] Health data written → /opt/modern-work-weekly/repo/site/data/health.json (92 items, 0 new since last digest)
2026-06-21 16:00:21,936 [INFO] Deadlines refreshed — 0 expired removed, 6 remaining, updated → 2026-06-21
2026-06-21 16:00:21,936 [INFO] Health-only run complete.
