2026-05-31 15:17:23,509 [INFO] Health-only mode — scraping known issues sources.
2026-05-31 15:17:23,509 [INFO] Fetching: Intune Known Issues
2026-05-31 15:17:23,509 [INFO]   HTML → Intune Known Issues
2026-05-31 15:17:23,675 [INFO]   → 21 items
2026-05-31 15:17:25,678 [INFO] Fetching: Windows 365 Known Issues
2026-05-31 15:17:25,678 [INFO]   HTML → Windows 365 Known Issues
2026-05-31 15:17:25,809 [INFO]   → 16 items
2026-05-31 15:17:27,811 [INFO] Fetching: Autopilot Known Issues
2026-05-31 15:17:27,811 [INFO]   HTML → Autopilot Known Issues
2026-05-31 15:17:27,952 [INFO]   → 23 items
2026-05-31 15:17:29,954 [INFO] Fetching: Defender XDR Known Issues
2026-05-31 15:17:29,955 [INFO]   HTML → Defender XDR Known Issues
2026-05-31 15:17:30,046 [INFO]   → 5 items
2026-05-31 15:17:32,048 [INFO] Fetching: Purview Known Issues
2026-05-31 15:17:32,048 [INFO]   HTML → Purview Known Issues
2026-05-31 15:17:32,198 [INFO]   → 4 items
2026-05-31 15:17:34,200 [INFO] Fetching: Entra ID Known Issues
2026-05-31 15:17:34,201 [INFO]   HTML → Entra ID Known Issues
2026-05-31 15:17:34,310 [INFO]   → 16 items
2026-05-31 15:17:36,313 [INFO] Fetching: Windows Release Health
2026-05-31 15:17:36,313 [INFO]   HTML → Windows Release Health
2026-05-31 15:17:36,409 [INFO]   → 7 items
2026-05-31 15:17:38,411 [INFO] Fetching: Azure Status
2026-05-31 15:17:38,411 [INFO]   RSS → Azure Status
2026-05-31 15:17:38,577 [INFO]   → 0 items
2026-05-31 15:17:40,579 [INFO] Fetching: Microsoft 365 Service Status
2026-05-31 15:17:40,579 [INFO]   JSON API → Microsoft 365 Service Status
2026-05-31 15:17:40,963 [WARNING]     Failed to fetch Microsoft 365 Service Status: Expecting value: line 1 column 1 (char 0)
2026-05-31 15:17:40,963 [INFO]   → 0 items
2026-05-31 15:17:42,984 [INFO] Health data written → /opt/modern-work-weekly/repo/site/data/health.json (92 items, 0 new since last digest)
2026-05-31 15:17:43,064 [INFO] Deadlines refreshed — 0 expired removed, 9 remaining, updated → 2026-05-31
2026-05-31 15:17:43,065 [INFO] Health-only run complete.
