2026-06-10 00:00:02,777 [INFO] Health-only mode — scraping known issues sources.
2026-06-10 00:00:02,779 [INFO] Fetching: Intune Known Issues
2026-06-10 00:00:02,779 [INFO]   HTML → Intune Known Issues
2026-06-10 00:00:03,060 [INFO]   → 21 items
2026-06-10 00:00:05,062 [INFO] Fetching: Windows 365 Known Issues
2026-06-10 00:00:05,062 [INFO]   HTML → Windows 365 Known Issues
2026-06-10 00:00:05,258 [INFO]   → 16 items
2026-06-10 00:00:07,260 [INFO] Fetching: Autopilot Known Issues
2026-06-10 00:00:07,260 [INFO]   HTML → Autopilot Known Issues
2026-06-10 00:00:07,431 [INFO]   → 23 items
2026-06-10 00:00:09,434 [INFO] Fetching: Defender XDR Known Issues
2026-06-10 00:00:09,434 [INFO]   HTML → Defender XDR Known Issues
2026-06-10 00:00:09,978 [INFO]   → 5 items
2026-06-10 00:00:11,980 [INFO] Fetching: Purview Known Issues
2026-06-10 00:00:11,980 [INFO]   HTML → Purview Known Issues
2026-06-10 00:00:12,234 [INFO]   → 4 items
2026-06-10 00:00:14,237 [INFO] Fetching: Entra ID Known Issues
2026-06-10 00:00:14,237 [INFO]   HTML → Entra ID Known Issues
2026-06-10 00:00:14,696 [INFO]   → 16 items
2026-06-10 00:00:16,698 [INFO] Fetching: Windows Release Health
2026-06-10 00:00:16,698 [INFO]   HTML → Windows Release Health
2026-06-10 00:00:16,785 [INFO]   → 7 items
2026-06-10 00:00:18,787 [INFO] Fetching: Azure Status
2026-06-10 00:00:18,787 [INFO]   RSS → Azure Status
2026-06-10 00:00:18,879 [INFO]   → 0 items
2026-06-10 00:00:20,881 [INFO] Fetching: Microsoft 365 Service Status
2026-06-10 00:00:20,881 [INFO]   JSON API → Microsoft 365 Service Status
2026-06-10 00:00:21,292 [INFO]     Microsoft 365 Service Status returned non-JSON response — no active incidents.
2026-06-10 00:00:21,293 [INFO]   → 0 items
2026-06-10 00:00:23,300 [INFO] Health data written → /opt/modern-work-weekly/repo/site/data/health.json (92 items, 0 new since last digest)
2026-06-10 00:00:23,300 [INFO] Deadlines refreshed — 0 expired removed, 7 remaining, updated → 2026-06-10
2026-06-10 00:00:23,300 [INFO] Health-only run complete.
2026-06-10 08:00:01,996 [INFO] Health-only mode — scraping known issues sources.
2026-06-10 08:00:01,996 [INFO] Fetching: Intune Known Issues
2026-06-10 08:00:01,996 [INFO]   HTML → Intune Known Issues
2026-06-10 08:00:02,270 [INFO]   → 21 items
2026-06-10 08:00:04,272 [INFO] Fetching: Windows 365 Known Issues
2026-06-10 08:00:04,272 [INFO]   HTML → Windows 365 Known Issues
2026-06-10 08:00:04,533 [INFO]   → 16 items
2026-06-10 08:00:06,536 [INFO] Fetching: Autopilot Known Issues
2026-06-10 08:00:06,536 [INFO]   HTML → Autopilot Known Issues
2026-06-10 08:00:06,674 [INFO]   → 23 items
2026-06-10 08:00:08,676 [INFO] Fetching: Defender XDR Known Issues
2026-06-10 08:00:08,676 [INFO]   HTML → Defender XDR Known Issues
2026-06-10 08:00:08,776 [INFO]   → 5 items
2026-06-10 08:00:10,778 [INFO] Fetching: Purview Known Issues
2026-06-10 08:00:10,778 [INFO]   HTML → Purview Known Issues
2026-06-10 08:00:10,997 [INFO]   → 4 items
2026-06-10 08:00:12,999 [INFO] Fetching: Entra ID Known Issues
2026-06-10 08:00:12,999 [INFO]   HTML → Entra ID Known Issues
2026-06-10 08:00:13,118 [INFO]   → 16 items
2026-06-10 08:00:15,120 [INFO] Fetching: Windows Release Health
2026-06-10 08:00:15,120 [INFO]   HTML → Windows Release Health
2026-06-10 08:00:15,178 [INFO]   → 7 items
2026-06-10 08:00:17,181 [INFO] Fetching: Azure Status
2026-06-10 08:00:17,181 [INFO]   RSS → Azure Status
2026-06-10 08:00:17,274 [INFO]   → 0 items
2026-06-10 08:00:19,276 [INFO] Fetching: Microsoft 365 Service Status
2026-06-10 08:00:19,276 [INFO]   JSON API → Microsoft 365 Service Status
2026-06-10 08:00:19,787 [INFO]     Microsoft 365 Service Status returned non-JSON response — no active incidents.
2026-06-10 08:00:19,787 [INFO]   → 0 items
2026-06-10 08:00:21,794 [INFO] Health data written → /opt/modern-work-weekly/repo/site/data/health.json (92 items, 0 new since last digest)
2026-06-10 08:00:21,795 [INFO] Deadlines refreshed — 0 expired removed, 7 remaining, updated → 2026-06-10
2026-06-10 08:00:21,795 [INFO] Health-only run complete.
2026-06-10 16:00:02,137 [INFO] Health-only mode — scraping known issues sources.
2026-06-10 16:00:02,137 [INFO] Fetching: Intune Known Issues
2026-06-10 16:00:02,138 [INFO]   HTML → Intune Known Issues
2026-06-10 16:00:02,603 [INFO]   → 21 items
2026-06-10 16:00:04,605 [INFO] Fetching: Windows 365 Known Issues
2026-06-10 16:00:04,606 [INFO]   HTML → Windows 365 Known Issues
2026-06-10 16:00:04,807 [INFO]   → 16 items
2026-06-10 16:00:06,809 [INFO] Fetching: Autopilot Known Issues
2026-06-10 16:00:06,810 [INFO]   HTML → Autopilot Known Issues
2026-06-10 16:00:07,098 [INFO]   → 23 items
2026-06-10 16:00:09,100 [INFO] Fetching: Defender XDR Known Issues
2026-06-10 16:00:09,100 [INFO]   HTML → Defender XDR Known Issues
2026-06-10 16:00:09,241 [INFO]   → 5 items
2026-06-10 16:00:11,243 [INFO] Fetching: Purview Known Issues
2026-06-10 16:00:11,244 [INFO]   HTML → Purview Known Issues
2026-06-10 16:00:11,432 [INFO]   → 4 items
2026-06-10 16:00:13,434 [INFO] Fetching: Entra ID Known Issues
2026-06-10 16:00:13,434 [INFO]   HTML → Entra ID Known Issues
2026-06-10 16:00:13,575 [INFO]   → 16 items
2026-06-10 16:00:15,577 [INFO] Fetching: Windows Release Health
2026-06-10 16:00:15,577 [INFO]   HTML → Windows Release Health
2026-06-10 16:00:15,663 [INFO]   → 7 items
2026-06-10 16:00:17,665 [INFO] Fetching: Azure Status
2026-06-10 16:00:17,666 [INFO]   RSS → Azure Status
2026-06-10 16:00:17,757 [INFO]   → 0 items
2026-06-10 16:00:19,759 [INFO] Fetching: Microsoft 365 Service Status
2026-06-10 16:00:19,759 [INFO]   JSON API → Microsoft 365 Service Status
2026-06-10 16:00:20,325 [INFO]     Microsoft 365 Service Status returned non-JSON response — no active incidents.
2026-06-10 16:00:20,325 [INFO]   → 0 items
2026-06-10 16:00:22,332 [INFO] Health data written → /opt/modern-work-weekly/repo/site/data/health.json (92 items, 0 new since last digest)
2026-06-10 16:00:22,333 [INFO] Deadlines refreshed — 0 expired removed, 7 remaining, updated → 2026-06-10
2026-06-10 16:00:22,333 [INFO] Health-only run complete.
