2026-06-13 00:00:01,729 [INFO] Health-only mode — scraping known issues sources.
2026-06-13 00:00:01,729 [INFO] Fetching: Intune Known Issues
2026-06-13 00:00:01,729 [INFO]   HTML → Intune Known Issues
2026-06-13 00:00:02,708 [INFO]   → 21 items
2026-06-13 00:00:04,711 [INFO] Fetching: Windows 365 Known Issues
2026-06-13 00:00:04,711 [INFO]   HTML → Windows 365 Known Issues
2026-06-13 00:00:05,404 [INFO]   → 16 items
2026-06-13 00:00:07,407 [INFO] Fetching: Autopilot Known Issues
2026-06-13 00:00:07,407 [INFO]   HTML → Autopilot Known Issues
2026-06-13 00:00:07,903 [INFO]   → 23 items
2026-06-13 00:00:09,905 [INFO] Fetching: Defender XDR Known Issues
2026-06-13 00:00:09,905 [INFO]   HTML → Defender XDR Known Issues
2026-06-13 00:00:10,673 [INFO]   → 5 items
2026-06-13 00:00:12,675 [INFO] Fetching: Purview Known Issues
2026-06-13 00:00:12,675 [INFO]   HTML → Purview Known Issues
2026-06-13 00:00:12,916 [INFO]   → 4 items
2026-06-13 00:00:14,919 [INFO] Fetching: Entra ID Known Issues
2026-06-13 00:00:14,919 [INFO]   HTML → Entra ID Known Issues
2026-06-13 00:00:15,047 [INFO]   → 16 items
2026-06-13 00:00:17,049 [INFO] Fetching: Windows Release Health
2026-06-13 00:00:17,049 [INFO]   HTML → Windows Release Health
2026-06-13 00:00:17,101 [INFO]   → 7 items
2026-06-13 00:00:19,104 [INFO] Fetching: Azure Status
2026-06-13 00:00:19,104 [INFO]   RSS → Azure Status
2026-06-13 00:00:19,198 [INFO]   → 0 items
2026-06-13 00:00:21,200 [INFO] Fetching: Microsoft 365 Service Status
2026-06-13 00:00:21,200 [INFO]   JSON API → Microsoft 365 Service Status
2026-06-13 00:00:21,504 [INFO]     Microsoft 365 Service Status returned non-JSON response — no active incidents.
2026-06-13 00:00:21,504 [INFO]   → 0 items
2026-06-13 00:00:23,512 [INFO] Health data written → /opt/modern-work-weekly/repo/site/data/health.json (92 items, 0 new since last digest)
2026-06-13 00:00:23,512 [INFO] Deadlines refreshed — 0 expired removed, 7 remaining, updated → 2026-06-13
2026-06-13 00:00:23,512 [INFO] Health-only run complete.
2026-06-13 08:00:01,767 [INFO] Health-only mode — scraping known issues sources.
2026-06-13 08:00:01,767 [INFO] Fetching: Intune Known Issues
2026-06-13 08:00:01,767 [INFO]   HTML → Intune Known Issues
2026-06-13 08:00:02,455 [INFO]   → 21 items
2026-06-13 08:00:04,457 [INFO] Fetching: Windows 365 Known Issues
2026-06-13 08:00:04,457 [INFO]   HTML → Windows 365 Known Issues
2026-06-13 08:00:04,657 [INFO]   → 16 items
2026-06-13 08:00:06,660 [INFO] Fetching: Autopilot Known Issues
2026-06-13 08:00:06,660 [INFO]   HTML → Autopilot Known Issues
2026-06-13 08:00:06,909 [INFO]   → 23 items
2026-06-13 08:00:08,911 [INFO] Fetching: Defender XDR Known Issues
2026-06-13 08:00:08,911 [INFO]   HTML → Defender XDR Known Issues
2026-06-13 08:00:09,033 [INFO]   → 5 items
2026-06-13 08:00:11,035 [INFO] Fetching: Purview Known Issues
2026-06-13 08:00:11,035 [INFO]   HTML → Purview Known Issues
2026-06-13 08:00:11,154 [INFO]   → 4 items
2026-06-13 08:00:13,156 [INFO] Fetching: Entra ID Known Issues
2026-06-13 08:00:13,156 [INFO]   HTML → Entra ID Known Issues
2026-06-13 08:00:13,354 [INFO]   → 16 items
2026-06-13 08:00:15,357 [INFO] Fetching: Windows Release Health
2026-06-13 08:00:15,357 [INFO]   HTML → Windows Release Health
2026-06-13 08:00:15,468 [INFO]   → 7 items
2026-06-13 08:00:17,470 [INFO] Fetching: Azure Status
2026-06-13 08:00:17,470 [INFO]   RSS → Azure Status
2026-06-13 08:00:17,565 [INFO]   → 0 items
2026-06-13 08:00:19,567 [INFO] Fetching: Microsoft 365 Service Status
2026-06-13 08:00:19,567 [INFO]   JSON API → Microsoft 365 Service Status
2026-06-13 08:00:19,870 [INFO]     Microsoft 365 Service Status returned non-JSON response — no active incidents.
2026-06-13 08:00:19,870 [INFO]   → 0 items
2026-06-13 08:00:21,878 [INFO] Health data written → /opt/modern-work-weekly/repo/site/data/health.json (92 items, 0 new since last digest)
2026-06-13 08:00:21,878 [INFO] Deadlines refreshed — 0 expired removed, 7 remaining, updated → 2026-06-13
2026-06-13 08:00:21,879 [INFO] Health-only run complete.
2026-06-13 16:00:02,138 [INFO] Health-only mode — scraping known issues sources.
2026-06-13 16:00:02,138 [INFO] Fetching: Intune Known Issues
2026-06-13 16:00:02,138 [INFO]   HTML → Intune Known Issues
2026-06-13 16:00:02,321 [INFO]   → 21 items
2026-06-13 16:00:04,323 [INFO] Fetching: Windows 365 Known Issues
2026-06-13 16:00:04,324 [INFO]   HTML → Windows 365 Known Issues
2026-06-13 16:00:04,454 [INFO]   → 16 items
2026-06-13 16:00:06,456 [INFO] Fetching: Autopilot Known Issues
2026-06-13 16:00:06,456 [INFO]   HTML → Autopilot Known Issues
2026-06-13 16:00:06,604 [INFO]   → 23 items
2026-06-13 16:00:08,606 [INFO] Fetching: Defender XDR Known Issues
2026-06-13 16:00:08,606 [INFO]   HTML → Defender XDR Known Issues
2026-06-13 16:00:08,731 [INFO]   → 5 items
2026-06-13 16:00:10,733 [INFO] Fetching: Purview Known Issues
2026-06-13 16:00:10,733 [INFO]   HTML → Purview Known Issues
2026-06-13 16:00:10,921 [INFO]   → 4 items
2026-06-13 16:00:12,923 [INFO] Fetching: Entra ID Known Issues
2026-06-13 16:00:12,924 [INFO]   HTML → Entra ID Known Issues
2026-06-13 16:00:13,068 [INFO]   → 16 items
2026-06-13 16:00:15,070 [INFO] Fetching: Windows Release Health
2026-06-13 16:00:15,070 [INFO]   HTML → Windows Release Health
2026-06-13 16:00:15,122 [INFO]   → 7 items
2026-06-13 16:00:17,124 [INFO] Fetching: Azure Status
2026-06-13 16:00:17,124 [INFO]   RSS → Azure Status
2026-06-13 16:00:17,275 [INFO]   → 0 items
2026-06-13 16:00:19,277 [INFO] Fetching: Microsoft 365 Service Status
2026-06-13 16:00:19,277 [INFO]   JSON API → Microsoft 365 Service Status
2026-06-13 16:00:19,593 [INFO]     Microsoft 365 Service Status returned non-JSON response — no active incidents.
2026-06-13 16:00:19,594 [INFO]   → 0 items
2026-06-13 16:00:21,601 [INFO] Health data written → /opt/modern-work-weekly/repo/site/data/health.json (92 items, 0 new since last digest)
2026-06-13 16:00:21,601 [INFO] Deadlines refreshed — 0 expired removed, 7 remaining, updated → 2026-06-13
2026-06-13 16:00:21,601 [INFO] Health-only run complete.
