2026-06-14 00:00:01,686 [INFO] Health-only mode — scraping known issues sources.
2026-06-14 00:00:01,686 [INFO] Fetching: Intune Known Issues
2026-06-14 00:00:01,686 [INFO]   HTML → Intune Known Issues
2026-06-14 00:00:01,872 [INFO]   → 21 items
2026-06-14 00:00:03,875 [INFO] Fetching: Windows 365 Known Issues
2026-06-14 00:00:03,875 [INFO]   HTML → Windows 365 Known Issues
2026-06-14 00:00:03,984 [INFO]   → 16 items
2026-06-14 00:00:05,987 [INFO] Fetching: Autopilot Known Issues
2026-06-14 00:00:05,987 [INFO]   HTML → Autopilot Known Issues
2026-06-14 00:00:06,108 [INFO]   → 23 items
2026-06-14 00:00:08,110 [INFO] Fetching: Defender XDR Known Issues
2026-06-14 00:00:08,111 [INFO]   HTML → Defender XDR Known Issues
2026-06-14 00:00:08,204 [INFO]   → 5 items
2026-06-14 00:00:10,206 [INFO] Fetching: Purview Known Issues
2026-06-14 00:00:10,206 [INFO]   HTML → Purview Known Issues
2026-06-14 00:00:10,370 [INFO]   → 4 items
2026-06-14 00:00:12,373 [INFO] Fetching: Entra ID Known Issues
2026-06-14 00:00:12,373 [INFO]   HTML → Entra ID Known Issues
2026-06-14 00:00:12,488 [INFO]   → 16 items
2026-06-14 00:00:14,490 [INFO] Fetching: Windows Release Health
2026-06-14 00:00:14,490 [INFO]   HTML → Windows Release Health
2026-06-14 00:00:14,661 [INFO]   → 7 items
2026-06-14 00:00:16,664 [INFO] Fetching: Azure Status
2026-06-14 00:00:16,664 [INFO]   RSS → Azure Status
2026-06-14 00:00:16,757 [INFO]   → 0 items
2026-06-14 00:00:18,759 [INFO] Fetching: Microsoft 365 Service Status
2026-06-14 00:00:18,759 [INFO]   JSON API → Microsoft 365 Service Status
2026-06-14 00:00:19,069 [INFO]     Microsoft 365 Service Status returned non-JSON response — no active incidents.
2026-06-14 00:00:19,069 [INFO]   → 0 items
2026-06-14 00:00:21,077 [INFO] Health data written → /opt/modern-work-weekly/repo/site/data/health.json (92 items, 0 new since last digest)
2026-06-14 00:00:21,077 [INFO] Deadlines refreshed — 0 expired removed, 7 remaining, updated → 2026-06-14
2026-06-14 00:00:21,077 [INFO] Health-only run complete.
2026-06-14 08:00:02,322 [INFO] Health-only mode — scraping known issues sources.
2026-06-14 08:00:02,322 [INFO] Fetching: Intune Known Issues
2026-06-14 08:00:02,322 [INFO]   HTML → Intune Known Issues
2026-06-14 08:00:02,564 [INFO]   → 21 items
2026-06-14 08:00:04,566 [INFO] Fetching: Windows 365 Known Issues
2026-06-14 08:00:04,566 [INFO]   HTML → Windows 365 Known Issues
2026-06-14 08:00:04,887 [INFO]   → 16 items
2026-06-14 08:00:06,889 [INFO] Fetching: Autopilot Known Issues
2026-06-14 08:00:06,889 [INFO]   HTML → Autopilot Known Issues
2026-06-14 08:00:07,136 [INFO]   → 23 items
2026-06-14 08:00:09,138 [INFO] Fetching: Defender XDR Known Issues
2026-06-14 08:00:09,138 [INFO]   HTML → Defender XDR Known Issues
2026-06-14 08:00:09,377 [INFO]   → 5 items
2026-06-14 08:00:11,379 [INFO] Fetching: Purview Known Issues
2026-06-14 08:00:11,380 [INFO]   HTML → Purview Known Issues
2026-06-14 08:00:11,500 [INFO]   → 4 items
2026-06-14 08:00:13,502 [INFO] Fetching: Entra ID Known Issues
2026-06-14 08:00:13,502 [INFO]   HTML → Entra ID Known Issues
2026-06-14 08:00:13,847 [INFO]   → 16 items
2026-06-14 08:00:15,849 [INFO] Fetching: Windows Release Health
2026-06-14 08:00:15,849 [INFO]   HTML → Windows Release Health
2026-06-14 08:00:16,249 [INFO]   → 7 items
2026-06-14 08:00:18,251 [INFO] Fetching: Azure Status
2026-06-14 08:00:18,252 [INFO]   RSS → Azure Status
2026-06-14 08:00:18,334 [INFO]   → 0 items
2026-06-14 08:00:20,337 [INFO] Fetching: Microsoft 365 Service Status
2026-06-14 08:00:20,337 [INFO]   JSON API → Microsoft 365 Service Status
2026-06-14 08:00:20,688 [INFO]     Microsoft 365 Service Status returned non-JSON response — no active incidents.
2026-06-14 08:00:20,688 [INFO]   → 0 items
2026-06-14 08:00:22,695 [INFO] Health data written → /opt/modern-work-weekly/repo/site/data/health.json (92 items, 0 new since last digest)
2026-06-14 08:00:22,696 [INFO] Deadlines refreshed — 0 expired removed, 7 remaining, updated → 2026-06-14
2026-06-14 08:00:22,696 [INFO] Health-only run complete.
2026-06-14 16:00:01,786 [INFO] Health-only mode — scraping known issues sources.
2026-06-14 16:00:01,786 [INFO] Fetching: Intune Known Issues
2026-06-14 16:00:01,786 [INFO]   HTML → Intune Known Issues
2026-06-14 16:00:02,106 [INFO]   → 21 items
2026-06-14 16:00:04,108 [INFO] Fetching: Windows 365 Known Issues
2026-06-14 16:00:04,108 [INFO]   HTML → Windows 365 Known Issues
2026-06-14 16:00:04,283 [INFO]   → 16 items
2026-06-14 16:00:06,285 [INFO] Fetching: Autopilot Known Issues
2026-06-14 16:00:06,285 [INFO]   HTML → Autopilot Known Issues
2026-06-14 16:00:06,554 [INFO]   → 23 items
2026-06-14 16:00:08,556 [INFO] Fetching: Defender XDR Known Issues
2026-06-14 16:00:08,556 [INFO]   HTML → Defender XDR Known Issues
2026-06-14 16:00:08,686 [INFO]   → 5 items
2026-06-14 16:00:10,688 [INFO] Fetching: Purview Known Issues
2026-06-14 16:00:10,689 [INFO]   HTML → Purview Known Issues
2026-06-14 16:00:10,934 [INFO]   → 4 items
2026-06-14 16:00:12,936 [INFO] Fetching: Entra ID Known Issues
2026-06-14 16:00:12,936 [INFO]   HTML → Entra ID Known Issues
2026-06-14 16:00:13,087 [INFO]   → 16 items
2026-06-14 16:00:15,089 [INFO] Fetching: Windows Release Health
2026-06-14 16:00:15,089 [INFO]   HTML → Windows Release Health
2026-06-14 16:00:15,188 [INFO]   → 7 items
2026-06-14 16:00:17,190 [INFO] Fetching: Azure Status
2026-06-14 16:00:17,190 [INFO]   RSS → Azure Status
2026-06-14 16:00:17,289 [INFO]   → 0 items
2026-06-14 16:00:19,291 [INFO] Fetching: Microsoft 365 Service Status
2026-06-14 16:00:19,291 [INFO]   JSON API → Microsoft 365 Service Status
2026-06-14 16:00:19,621 [INFO]     Microsoft 365 Service Status returned non-JSON response — no active incidents.
2026-06-14 16:00:19,621 [INFO]   → 0 items
2026-06-14 16:00:21,627 [INFO] Health data written → /opt/modern-work-weekly/repo/site/data/health.json (92 items, 0 new since last digest)
2026-06-14 16:00:21,627 [INFO] Deadlines refreshed — 0 expired removed, 7 remaining, updated → 2026-06-14
2026-06-14 16:00:21,627 [INFO] Health-only run complete.
