2026-05-21 21:41:44,373 [INFO] Health-only mode — scraping known issues sources.
2026-05-21 21:41:44,373 [INFO] Fetching: Intune Known Issues
2026-05-21 21:41:44,373 [INFO]   HTML → Intune Known Issues
2026-05-21 21:41:44,619 [INFO]   → 21 items
2026-05-21 21:41:46,622 [INFO] Fetching: Windows 365 Known Issues
2026-05-21 21:41:46,622 [INFO]   HTML → Windows 365 Known Issues
2026-05-21 21:41:46,855 [INFO]   → 16 items
2026-05-21 21:41:48,857 [INFO] Fetching: Autopilot Known Issues
2026-05-21 21:41:48,859 [INFO]   HTML → Autopilot Known Issues
2026-05-21 21:41:48,987 [INFO]   → 24 items
2026-05-21 21:41:50,989 [INFO] Fetching: Defender for Endpoint Known Issues
2026-05-21 21:41:50,989 [INFO]   HTML → Defender for Endpoint Known Issues
2026-05-21 21:41:51,189 [INFO]   → 24 items
2026-05-21 21:41:53,191 [INFO] Fetching: Defender XDR Known Issues
2026-05-21 21:41:53,191 [INFO]   HTML → Defender XDR Known Issues
2026-05-21 21:41:53,504 [INFO]   → 7 items
2026-05-21 21:41:55,506 [INFO] Fetching: Purview Known Issues
2026-05-21 21:41:55,507 [INFO]   HTML → Purview Known Issues
2026-05-21 21:41:55,688 [INFO]   → 4 items
2026-05-21 21:41:57,690 [INFO] Fetching: Entra ID Known Issues
2026-05-21 21:41:57,690 [INFO]   HTML → Entra ID Known Issues
2026-05-21 21:41:57,874 [INFO]   → 16 items
2026-05-21 21:41:59,876 [INFO] Fetching: Teams Known Issues
2026-05-21 21:41:59,876 [INFO]   HTML → Teams Known Issues
2026-05-21 21:42:00,500 [INFO]   → 9 items
2026-05-21 21:42:02,503 [INFO] Fetching: Windows Release Health
2026-05-21 21:42:02,503 [INFO]   HTML → Windows Release Health
2026-05-21 21:42:02,555 [INFO]   → 10 items
2026-05-21 21:42:04,563 [INFO] Health data written → /opt/modern-work-weekly/repo/site/data/health.json (131 items across 9 sources)
2026-05-21 21:42:04,563 [INFO] Health-only run complete.
2026-05-21 21:42:53,260 [INFO] Health-only mode — scraping known issues sources.
2026-05-21 21:42:53,260 [INFO] Fetching: Intune Known Issues
2026-05-21 21:42:53,260 [INFO]   HTML → Intune Known Issues
2026-05-21 21:42:53,387 [INFO]   → 21 items
2026-05-21 21:42:55,389 [INFO] Fetching: Windows 365 Known Issues
2026-05-21 21:42:55,389 [INFO]   HTML → Windows 365 Known Issues
2026-05-21 21:42:55,445 [INFO]   → 16 items
2026-05-21 21:42:57,447 [INFO] Fetching: Autopilot Known Issues
2026-05-21 21:42:57,447 [INFO]   HTML → Autopilot Known Issues
2026-05-21 21:42:57,511 [INFO]   → 24 items
2026-05-21 21:42:59,513 [INFO] Fetching: Defender for Endpoint Known Issues
2026-05-21 21:42:59,513 [INFO]   HTML → Defender for Endpoint Known Issues
2026-05-21 21:42:59,641 [INFO]   → 24 items
2026-05-21 21:43:01,644 [INFO] Fetching: Defender XDR Known Issues
2026-05-21 21:43:01,644 [INFO]   HTML → Defender XDR Known Issues
2026-05-21 21:43:01,696 [INFO]   → 7 items
2026-05-21 21:43:03,698 [INFO] Fetching: Purview Known Issues
2026-05-21 21:43:03,699 [INFO]   HTML → Purview Known Issues
2026-05-21 21:43:03,743 [INFO]   → 4 items
2026-05-21 21:43:05,746 [INFO] Fetching: Entra ID Known Issues
2026-05-21 21:43:05,746 [INFO]   HTML → Entra ID Known Issues
2026-05-21 21:43:05,790 [INFO]   → 16 items
2026-05-21 21:43:07,791 [INFO] Fetching: Teams Known Issues
2026-05-21 21:43:07,791 [INFO]   HTML → Teams Known Issues
2026-05-21 21:43:07,912 [INFO]   → 9 items
2026-05-21 21:43:09,915 [INFO] Fetching: Windows Release Health
2026-05-21 21:43:09,915 [INFO]   HTML → Windows Release Health
2026-05-21 21:43:09,959 [INFO]   → 10 items
2026-05-21 21:43:11,967 [INFO] Health data written → /opt/modern-work-weekly/repo/site/data/health.json (131 items across 9 sources)
2026-05-21 21:43:11,967 [INFO] Health-only run complete.
