2026-06-19 00:00:02,423 [INFO] Health-only mode — scraping known issues sources.
2026-06-19 00:00:02,423 [INFO] Fetching: Intune Known Issues
2026-06-19 00:00:02,423 [INFO]   HTML → Intune Known Issues
2026-06-19 00:00:02,691 [INFO]   → 21 items
2026-06-19 00:00:04,694 [INFO] Fetching: Windows 365 Known Issues
2026-06-19 00:00:04,694 [INFO]   HTML → Windows 365 Known Issues
2026-06-19 00:00:04,815 [INFO]   → 16 items
2026-06-19 00:00:06,817 [INFO] Fetching: Autopilot Known Issues
2026-06-19 00:00:06,818 [INFO]   HTML → Autopilot Known Issues
2026-06-19 00:00:07,415 [INFO]   → 23 items
2026-06-19 00:00:09,418 [INFO] Fetching: Defender XDR Known Issues
2026-06-19 00:00:09,418 [INFO]   HTML → Defender XDR Known Issues
2026-06-19 00:00:10,069 [INFO]   → 5 items
2026-06-19 00:00:12,071 [INFO] Fetching: Purview Known Issues
2026-06-19 00:00:12,071 [INFO]   HTML → Purview Known Issues
2026-06-19 00:00:12,488 [INFO]   → 4 items
2026-06-19 00:00:14,490 [INFO] Fetching: Entra ID Known Issues
2026-06-19 00:00:14,491 [INFO]   HTML → Entra ID Known Issues
2026-06-19 00:00:14,841 [INFO]   → 16 items
2026-06-19 00:00:16,843 [INFO] Fetching: Windows Release Health
2026-06-19 00:00:16,843 [INFO]   HTML → Windows Release Health
2026-06-19 00:00:16,922 [INFO]   → 7 items
2026-06-19 00:00:18,925 [INFO] Fetching: Azure Status
2026-06-19 00:00:18,925 [INFO]   RSS → Azure Status
2026-06-19 00:00:19,067 [INFO]   → 0 items
2026-06-19 00:00:21,069 [INFO] Fetching: Microsoft 365 Service Status
2026-06-19 00:00:21,069 [INFO]   JSON API → Microsoft 365 Service Status
2026-06-19 00:00:21,365 [INFO]     Microsoft 365 Service Status returned non-JSON response — no active incidents.
2026-06-19 00:00:21,365 [INFO]   → 0 items
2026-06-19 00:00:23,373 [INFO] Health data written → /opt/modern-work-weekly/repo/site/data/health.json (92 items, 0 new since last digest)
2026-06-19 00:00:23,373 [INFO] Deadlines refreshed — 0 expired removed, 6 remaining, updated → 2026-06-19
2026-06-19 00:00:23,373 [INFO] Health-only run complete.
2026-06-19 08:00:02,429 [INFO] Health-only mode — scraping known issues sources.
2026-06-19 08:00:02,430 [INFO] Fetching: Intune Known Issues
2026-06-19 08:00:02,430 [INFO]   HTML → Intune Known Issues
2026-06-19 08:00:02,619 [INFO]   → 21 items
2026-06-19 08:00:04,621 [INFO] Fetching: Windows 365 Known Issues
2026-06-19 08:00:04,622 [INFO]   HTML → Windows 365 Known Issues
2026-06-19 08:00:04,798 [INFO]   → 16 items
2026-06-19 08:00:06,800 [INFO] Fetching: Autopilot Known Issues
2026-06-19 08:00:06,800 [INFO]   HTML → Autopilot Known Issues
2026-06-19 08:00:07,313 [INFO]   → 23 items
2026-06-19 08:00:09,316 [INFO] Fetching: Defender XDR Known Issues
2026-06-19 08:00:09,316 [INFO]   HTML → Defender XDR Known Issues
2026-06-19 08:00:09,425 [INFO]   → 5 items
2026-06-19 08:00:11,427 [INFO] Fetching: Purview Known Issues
2026-06-19 08:00:11,427 [INFO]   HTML → Purview Known Issues
2026-06-19 08:00:11,543 [INFO]   → 4 items
2026-06-19 08:00:13,545 [INFO] Fetching: Entra ID Known Issues
2026-06-19 08:00:13,545 [INFO]   HTML → Entra ID Known Issues
2026-06-19 08:00:13,737 [INFO]   → 16 items
2026-06-19 08:00:15,739 [INFO] Fetching: Windows Release Health
2026-06-19 08:00:15,739 [INFO]   HTML → Windows Release Health
2026-06-19 08:00:15,847 [INFO]   → 7 items
2026-06-19 08:00:17,849 [INFO] Fetching: Azure Status
2026-06-19 08:00:17,849 [INFO]   RSS → Azure Status
2026-06-19 08:00:17,914 [INFO]   → 0 items
2026-06-19 08:00:19,917 [INFO] Fetching: Microsoft 365 Service Status
2026-06-19 08:00:19,917 [INFO]   JSON API → Microsoft 365 Service Status
2026-06-19 08:00:20,281 [INFO]     Microsoft 365 Service Status returned non-JSON response — no active incidents.
2026-06-19 08:00:20,281 [INFO]   → 0 items
2026-06-19 08:00:22,288 [INFO] Health data written → /opt/modern-work-weekly/repo/site/data/health.json (92 items, 0 new since last digest)
2026-06-19 08:00:22,288 [INFO] Deadlines refreshed — 0 expired removed, 6 remaining, updated → 2026-06-19
2026-06-19 08:00:22,289 [INFO] Health-only run complete.
2026-06-19 16:00:02,585 [INFO] Health-only mode — scraping known issues sources.
2026-06-19 16:00:02,585 [INFO] Fetching: Intune Known Issues
2026-06-19 16:00:02,585 [INFO]   HTML → Intune Known Issues
2026-06-19 16:00:02,780 [INFO]   → 21 items
2026-06-19 16:00:04,783 [INFO] Fetching: Windows 365 Known Issues
2026-06-19 16:00:04,783 [INFO]   HTML → Windows 365 Known Issues
2026-06-19 16:00:04,885 [INFO]   → 16 items
2026-06-19 16:00:06,887 [INFO] Fetching: Autopilot Known Issues
2026-06-19 16:00:06,887 [INFO]   HTML → Autopilot Known Issues
2026-06-19 16:00:06,962 [INFO]   → 23 items
2026-06-19 16:00:08,964 [INFO] Fetching: Defender XDR Known Issues
2026-06-19 16:00:08,964 [INFO]   HTML → Defender XDR Known Issues
2026-06-19 16:00:09,099 [INFO]   → 5 items
2026-06-19 16:00:11,102 [INFO] Fetching: Purview Known Issues
2026-06-19 16:00:11,102 [INFO]   HTML → Purview Known Issues
2026-06-19 16:00:11,210 [INFO]   → 4 items
2026-06-19 16:00:13,212 [INFO] Fetching: Entra ID Known Issues
2026-06-19 16:00:13,212 [INFO]   HTML → Entra ID Known Issues
2026-06-19 16:00:13,333 [INFO]   → 16 items
2026-06-19 16:00:15,335 [INFO] Fetching: Windows Release Health
2026-06-19 16:00:15,336 [INFO]   HTML → Windows Release Health
2026-06-19 16:00:15,422 [INFO]   → 7 items
2026-06-19 16:00:17,425 [INFO] Fetching: Azure Status
2026-06-19 16:00:17,425 [INFO]   RSS → Azure Status
2026-06-19 16:00:17,514 [INFO]   → 0 items
2026-06-19 16:00:19,516 [INFO] Fetching: Microsoft 365 Service Status
2026-06-19 16:00:19,516 [INFO]   JSON API → Microsoft 365 Service Status
2026-06-19 16:00:19,860 [INFO]     Microsoft 365 Service Status returned non-JSON response — no active incidents.
2026-06-19 16:00:19,860 [INFO]   → 0 items
2026-06-19 16:00:21,867 [INFO] Health data written → /opt/modern-work-weekly/repo/site/data/health.json (92 items, 0 new since last digest)
2026-06-19 16:00:21,868 [INFO] Deadlines refreshed — 0 expired removed, 6 remaining, updated → 2026-06-19
2026-06-19 16:00:21,868 [INFO] Health-only run complete.
