2026-05-19 11:56:26,517 [INFO] State loaded — 126 previously seen items.
2026-05-19 11:56:26,517 [INFO] Fetching: Intune
2026-05-19 11:56:26,517 [INFO]   HTML → Intune
2026-05-19 11:56:26,962 [INFO]   → 18 raw items fetched.
2026-05-19 11:56:28,964 [INFO] Fetching: Defender XDR
2026-05-19 11:56:28,964 [INFO]   HTML → Defender XDR
2026-05-19 11:56:29,085 [INFO]   → 9 raw items fetched.
2026-05-19 11:56:31,087 [INFO] Fetching: Entra ID
2026-05-19 11:56:31,087 [INFO]   HTML → Entra ID
2026-05-19 11:56:31,230 [INFO]   → 24 raw items fetched.
2026-05-19 11:56:33,233 [INFO] Fetching: Teams
2026-05-19 11:56:33,233 [INFO]   HTML → Teams
2026-05-19 11:56:33,497 [INFO]   → 24 raw items fetched.
2026-05-19 11:56:35,499 [INFO] Fetching: Microsoft Security Blog (Zero Trust)
2026-05-19 11:56:35,499 [INFO]   RSS → Microsoft Security Blog (Zero Trust)
2026-05-19 11:56:35,867 [INFO]   → 10 raw items fetched.
2026-05-19 11:56:37,870 [INFO] Fetching: Purview
2026-05-19 11:56:37,870 [INFO]   HTML → Purview
2026-05-19 11:56:37,954 [INFO]   → 22 raw items fetched.
2026-05-19 11:56:39,956 [INFO] Fetching: SharePoint / OneDrive
2026-05-19 11:56:39,957 [INFO]   HTML → SharePoint / OneDrive
2026-05-19 11:56:40,060 [WARNING]     Failed to fetch SharePoint / OneDrive: 404 Client Error: Not Found for url: https://learn.microsoft.com/en-us/SharePoint/what-s-new-in-sharepoint
2026-05-19 11:56:40,060 [INFO]   → 0 raw items fetched.
2026-05-19 11:56:42,062 [INFO] Fetching: Microsoft 365 Roadmap
2026-05-19 11:56:42,062 [INFO]   RSS → Microsoft 365 Roadmap
2026-05-19 11:56:44,106 [INFO]   → 15 raw items fetched.
2026-05-19 11:56:46,108 [INFO] Fetching: Agent 365
2026-05-19 11:56:46,108 [INFO]   HTML → Agent 365
2026-05-19 11:56:48,602 [INFO]   → 1 raw items fetched.
2026-05-19 11:56:50,604 [INFO] Fetching: Intune Known Issues
2026-05-19 11:56:50,604 [INFO]   HTML → Intune Known Issues
2026-05-19 11:56:50,723 [INFO]   → 21 raw items fetched.
2026-05-19 11:56:52,726 [INFO] Fetching: Defender XDR Service Issues
2026-05-19 11:56:52,726 [INFO]   HTML → Defender XDR Service Issues
2026-05-19 11:56:52,829 [INFO]   → 7 raw items fetched.
2026-05-19 11:56:54,831 [INFO] Fetching: Purview Known Issues
2026-05-19 11:56:54,831 [INFO]   HTML → Purview Known Issues
2026-05-19 11:56:55,006 [INFO]   → 4 raw items fetched.
2026-05-19 11:56:57,008 [INFO] Fetching: Entra ID Known Issues
2026-05-19 11:56:57,008 [INFO]   HTML → Entra ID Known Issues
2026-05-19 11:56:57,137 [INFO]   → 16 raw items fetched.
2026-05-19 11:56:59,142 [INFO] Health data written → /opt/modern-work-weekly/repo/site/data/health.json (48 items)
2026-05-19 11:56:59,146 [INFO] New items after dedup: 16
2026-05-19 11:56:59,147 [INFO] Draft saved → /opt/modern-work-weekly/repo/state/weekly_draft_2026-05-19.json
2026-05-19 11:56:59,147 [INFO] State saved — 142 items tracked total.
2026-05-19 14:27:59,267 [INFO] State loaded — 142 previously seen items.
2026-05-19 14:27:59,267 [INFO] Fetching: Intune
2026-05-19 14:27:59,267 [INFO]   HTML → Intune
2026-05-19 14:27:59,548 [INFO]   → 18 raw items fetched.
2026-05-19 14:28:01,551 [INFO] Fetching: Defender XDR
2026-05-19 14:28:01,551 [INFO]   HTML → Defender XDR
2026-05-19 14:28:01,626 [INFO]   → 9 raw items fetched.
2026-05-19 14:28:03,628 [INFO] Fetching: Entra ID
2026-05-19 14:28:03,628 [INFO]   HTML → Entra ID
2026-05-19 14:28:03,769 [INFO]   → 24 raw items fetched.
2026-05-19 14:28:05,771 [INFO] Fetching: Teams
2026-05-19 14:28:05,771 [INFO]   HTML → Teams
2026-05-19 14:28:05,971 [INFO]   → 24 raw items fetched.
2026-05-19 14:28:07,973 [INFO] Fetching: Microsoft Security Blog (Zero Trust)
2026-05-19 14:28:07,973 [INFO]   RSS → Microsoft Security Blog (Zero Trust)
2026-05-19 14:28:08,336 [INFO]   → 10 raw items fetched.
2026-05-19 14:28:10,339 [INFO] Fetching: Purview
2026-05-19 14:28:10,339 [INFO]   HTML → Purview
2026-05-19 14:28:10,414 [INFO]   → 22 raw items fetched.
2026-05-19 14:28:12,416 [INFO] Fetching: SharePoint / OneDrive
2026-05-19 14:28:12,416 [INFO]   HTML → SharePoint / OneDrive
2026-05-19 14:28:12,622 [WARNING]     Failed to fetch SharePoint / OneDrive: 404 Client Error: Not Found for url: https://learn.microsoft.com/en-us/SharePoint/what-s-new-in-sharepoint
2026-05-19 14:28:12,622 [INFO]   → 0 raw items fetched.
2026-05-19 14:28:14,625 [INFO] Fetching: Microsoft 365 Roadmap
2026-05-19 14:28:14,625 [INFO]   RSS → Microsoft 365 Roadmap
2026-05-19 14:28:16,712 [INFO]   → 15 raw items fetched.
2026-05-19 14:28:18,715 [INFO] Fetching: Agent 365
2026-05-19 14:28:18,715 [INFO]   HTML → Agent 365
2026-05-19 14:28:20,980 [INFO]   → 1 raw items fetched.
2026-05-19 14:28:22,983 [INFO] Fetching: Intune Known Issues
2026-05-19 14:28:22,983 [INFO]   HTML → Intune Known Issues
2026-05-19 14:28:23,114 [INFO]   → 21 raw items fetched.
2026-05-19 14:28:25,117 [INFO] Fetching: Defender XDR Service Issues
2026-05-19 14:28:25,117 [INFO]   HTML → Defender XDR Service Issues
2026-05-19 14:28:25,223 [INFO]   → 7 raw items fetched.
2026-05-19 14:28:27,225 [INFO] Fetching: Purview Known Issues
2026-05-19 14:28:27,225 [INFO]   HTML → Purview Known Issues
2026-05-19 14:28:27,340 [INFO]   → 4 raw items fetched.
2026-05-19 14:28:29,342 [INFO] Fetching: Entra ID Known Issues
2026-05-19 14:28:29,342 [INFO]   HTML → Entra ID Known Issues
2026-05-19 14:28:29,466 [INFO]   → 16 raw items fetched.
2026-05-19 14:28:31,471 [INFO] Health data written → /opt/modern-work-weekly/repo/site/data/health.json (48 items across 4 sources)
2026-05-19 14:28:31,476 [INFO] New items after dedup: 123
2026-05-19 14:28:31,478 [INFO] Draft saved → /opt/modern-work-weekly/repo/state/weekly_draft_2026-05-19.json
2026-05-19 14:28:31,478 [INFO] State saved — 142 items tracked total.
2026-05-19 19:50:30,439 [INFO] State loaded — 142 previously seen items.
2026-05-19 19:50:30,439 [INFO] Fetching: Intune
2026-05-19 19:50:30,439 [INFO]   HTML → Intune
2026-05-19 19:50:30,749 [INFO]   → 17 raw items fetched.
2026-05-19 19:50:32,752 [INFO] Fetching: Defender XDR
2026-05-19 19:50:32,752 [INFO]   HTML → Defender XDR
2026-05-19 19:50:32,807 [INFO]   → 9 raw items fetched.
2026-05-19 19:50:34,809 [INFO] Fetching: Entra ID
2026-05-19 19:50:34,809 [INFO]   HTML → Entra ID
2026-05-19 19:50:34,940 [INFO]   → 24 raw items fetched.
2026-05-19 19:50:36,942 [INFO] Fetching: Teams
2026-05-19 19:50:36,942 [INFO]   HTML → Teams
2026-05-19 19:50:37,520 [INFO]   → 24 raw items fetched.
2026-05-19 19:50:39,523 [INFO] Fetching: Microsoft Security Blog (Zero Trust)
2026-05-19 19:50:39,523 [INFO]   RSS → Microsoft Security Blog (Zero Trust)
2026-05-19 19:50:39,789 [INFO]   → 10 raw items fetched.
2026-05-19 19:50:41,791 [INFO] Fetching: Purview
2026-05-19 19:50:41,791 [INFO]   HTML → Purview
2026-05-19 19:50:41,859 [INFO]   → 22 raw items fetched.
2026-05-19 19:50:43,861 [INFO] Fetching: SharePoint / OneDrive
2026-05-19 19:50:43,861 [INFO]   HTML → SharePoint / OneDrive
2026-05-19 19:50:44,146 [INFO]   → 6 raw items fetched.
2026-05-19 19:50:46,148 [INFO] Fetching: Microsoft 365 Roadmap
2026-05-19 19:50:46,148 [INFO]   RSS → Microsoft 365 Roadmap
2026-05-19 19:50:48,206 [INFO]   → 15 raw items fetched.
2026-05-19 19:50:50,208 [INFO] Fetching: Agent 365
2026-05-19 19:50:50,208 [INFO]   HTML → Agent 365
2026-05-19 19:50:52,428 [INFO]   → 1 raw items fetched.
2026-05-19 19:50:54,430 [INFO] Fetching: Defender for Endpoint
2026-05-19 19:50:54,430 [INFO]   HTML → Defender for Endpoint
2026-05-19 19:50:54,510 [INFO]   → 8 raw items fetched.
2026-05-19 19:50:56,513 [INFO] Fetching: Defender for Office 365
2026-05-19 19:50:56,513 [INFO]   HTML → Defender for Office 365
2026-05-19 19:50:56,679 [INFO]   → 18 raw items fetched.
2026-05-19 19:50:58,681 [INFO] Fetching: Exchange Online
2026-05-19 19:50:58,681 [INFO]   HTML → Exchange Online
2026-05-19 19:50:59,077 [INFO]   → 21 raw items fetched.
2026-05-19 19:51:01,079 [INFO] Fetching: Windows 365
2026-05-19 19:51:01,079 [INFO]   HTML → Windows 365
2026-05-19 19:51:01,347 [INFO]   → 17 raw items fetched.
2026-05-19 19:51:03,349 [INFO] Fetching: Autopilot
2026-05-19 19:51:03,349 [INFO]   HTML → Autopilot
2026-05-19 19:51:03,512 [INFO]   → 24 raw items fetched.
2026-05-19 19:51:05,514 [INFO] Fetching: Viva
2026-05-19 19:51:05,514 [INFO]   HTML → Viva
2026-05-19 19:51:05,739 [WARNING]     Failed to fetch Viva: 404 Client Error: Not Found for url: https://learn.microsoft.com/en-us/viva/whats-new-in-microsoft-viva
2026-05-19 19:51:05,739 [INFO]   → 0 raw items fetched.
2026-05-19 19:51:07,741 [INFO] Fetching: Global Secure Access
2026-05-19 19:51:07,741 [INFO]   HTML → Global Secure Access
2026-05-19 19:51:07,835 [WARNING]     Failed to fetch Global Secure Access: 404 Client Error: Not Found for url: https://learn.microsoft.com/en-us/entra/global-secure-access/whats-new
2026-05-19 19:51:07,835 [INFO]   → 0 raw items fetched.
2026-05-19 19:51:09,837 [INFO] Fetching: Intune Known Issues
2026-05-19 19:51:09,837 [INFO]   HTML → Intune Known Issues
2026-05-19 19:51:09,928 [INFO]   → 21 raw items fetched.
2026-05-19 19:51:11,930 [INFO] Fetching: Windows 365 Known Issues
2026-05-19 19:51:11,931 [INFO]   HTML → Windows 365 Known Issues
2026-05-19 19:51:12,098 [WARNING]     Failed to fetch Windows 365 Known Issues: 404 Client Error: Not Found for url: https://learn.microsoft.com/en-us/windows-365/known-issues
2026-05-19 19:51:12,098 [INFO]   → 0 raw items fetched.
2026-05-19 19:51:14,100 [INFO] Fetching: Autopilot Known Issues
2026-05-19 19:51:14,100 [INFO]   HTML → Autopilot Known Issues
2026-05-19 19:51:14,216 [INFO]   → 24 raw items fetched.
2026-05-19 19:51:16,218 [INFO] Fetching: Autopatch Known Issues
2026-05-19 19:51:16,218 [INFO]   HTML → Autopatch Known Issues
2026-05-19 19:51:16,357 [WARNING]     Failed to fetch Autopatch Known Issues: 404 Client Error: Not Found for url: https://learn.microsoft.com/en-us/windows/deployment/windows-autopatch/whats-new/windows-autopatch-known-issues
2026-05-19 19:51:16,357 [INFO]   → 0 raw items fetched.
2026-05-19 19:51:18,359 [INFO] Fetching: Defender for Endpoint Known Issues
2026-05-19 19:51:18,359 [INFO]   HTML → Defender for Endpoint Known Issues
2026-05-19 19:51:18,646 [INFO]   → 24 raw items fetched.
2026-05-19 19:51:20,649 [INFO] Fetching: Defender for Office 365 Known Issues
2026-05-19 19:51:20,649 [INFO]   HTML → Defender for Office 365 Known Issues
2026-05-19 19:51:20,808 [WARNING]     Failed to fetch Defender for Office 365 Known Issues: 404 Client Error: Not Found for url: https://learn.microsoft.com/en-us/defender-office-365/known-issues
2026-05-19 19:51:20,808 [INFO]   → 0 raw items fetched.
2026-05-19 19:51:22,810 [INFO] Fetching: Defender XDR Known Issues
2026-05-19 19:51:22,810 [INFO]   HTML → Defender XDR Known Issues
2026-05-19 19:51:23,164 [INFO]   → 7 raw items fetched.
2026-05-19 19:51:25,167 [INFO] Fetching: Purview Known Issues
2026-05-19 19:51:25,167 [INFO]   HTML → Purview Known Issues
2026-05-19 19:51:25,316 [INFO]   → 4 raw items fetched.
2026-05-19 19:51:27,318 [INFO] Fetching: Entra ID Known Issues
2026-05-19 19:51:27,318 [INFO]   HTML → Entra ID Known Issues
2026-05-19 19:51:27,590 [INFO]   → 16 raw items fetched.
2026-05-19 19:51:29,593 [INFO] Fetching: Teams Known Issues
2026-05-19 19:51:29,593 [INFO]   HTML → Teams Known Issues
2026-05-19 19:51:30,248 [INFO]   → 9 raw items fetched.
2026-05-19 19:51:32,250 [INFO] Fetching: SharePoint Known Issues
2026-05-19 19:51:32,250 [INFO]   HTML → SharePoint Known Issues
2026-05-19 19:51:32,450 [WARNING]     Failed to fetch SharePoint Known Issues: 404 Client Error: Not Found for url: https://learn.microsoft.com/en-us/sharepoint/troubleshoot/known-issues-sharepoint-online-suite
2026-05-19 19:51:32,450 [INFO]   → 0 raw items fetched.
2026-05-19 19:51:34,453 [INFO] Fetching: OneDrive Known Issues
2026-05-19 19:51:34,453 [INFO]   HTML → OneDrive Known Issues
2026-05-19 19:51:34,544 [WARNING]     Failed to fetch OneDrive Known Issues: 404 Client Error: Not Found for url: https://learn.microsoft.com/en-us/sharepoint/troubleshoot/onedrive-errors/onedrive-known-issues
2026-05-19 19:51:34,544 [INFO]   → 0 raw items fetched.
2026-05-19 19:51:36,546 [INFO] Fetching: Exchange Known Issues
2026-05-19 19:51:36,546 [INFO]   HTML → Exchange Known Issues
2026-05-19 19:51:36,714 [WARNING]     Failed to fetch Exchange Known Issues: 404 Client Error: Not Found for url: https://learn.microsoft.com/en-us/exchange/troubleshoot/known-issues/exchange-online-known-issues
2026-05-19 19:51:36,714 [INFO]   → 0 raw items fetched.
2026-05-19 19:51:38,717 [INFO] Fetching: Viva Known Issues
2026-05-19 19:51:38,717 [INFO]   HTML → Viva Known Issues
2026-05-19 19:51:38,833 [WARNING]     Failed to fetch Viva Known Issues: 404 Client Error: Not Found for url: https://learn.microsoft.com/en-us/viva/known-issues
2026-05-19 19:51:38,833 [INFO]   → 0 raw items fetched.
2026-05-19 19:51:40,835 [INFO] Fetching: Windows Release Health
2026-05-19 19:51:40,835 [INFO]   HTML → Windows Release Health
2026-05-19 19:51:40,965 [INFO]   → 10 raw items fetched.
2026-05-19 19:51:42,973 [INFO] Health data written → /opt/modern-work-weekly/repo/site/data/health.json (115 items across 8 sources)
2026-05-19 19:51:42,982 [INFO] New items after dedup: 216
2026-05-19 19:51:42,985 [INFO] Draft saved → /opt/modern-work-weekly/repo/state/weekly_draft_2026-05-20.json
2026-05-19 19:51:42,985 [INFO] State saved — 251 items tracked total.
2026-05-19 20:01:37,847 [INFO] State loaded — 251 previously seen items.
2026-05-19 20:01:37,848 [INFO] Fetching: Intune
2026-05-19 20:01:37,848 [INFO]   HTML → Intune
2026-05-19 20:01:38,219 [INFO]   → 17 raw items fetched.
2026-05-19 20:01:40,221 [INFO] Fetching: Defender XDR
2026-05-19 20:01:40,222 [INFO]   HTML → Defender XDR
2026-05-19 20:01:40,388 [INFO]   → 9 raw items fetched.
2026-05-19 20:01:42,391 [INFO] Fetching: Entra ID
2026-05-19 20:01:42,391 [INFO]   HTML → Entra ID
2026-05-19 20:01:42,597 [INFO]   → 24 raw items fetched.
2026-05-19 20:01:44,599 [INFO] Fetching: Teams
2026-05-19 20:01:44,599 [INFO]   HTML → Teams
2026-05-19 20:01:44,840 [INFO]   → 24 raw items fetched.
2026-05-19 20:01:46,842 [INFO] Fetching: Microsoft Security Blog (Zero Trust)
2026-05-19 20:01:46,842 [INFO]   RSS → Microsoft Security Blog (Zero Trust)
2026-05-19 20:01:47,358 [INFO]   → 10 raw items fetched.
2026-05-19 20:01:49,360 [INFO] Fetching: Purview
2026-05-19 20:01:49,361 [INFO]   HTML → Purview
2026-05-19 20:01:49,539 [INFO]   → 22 raw items fetched.
2026-05-19 20:01:51,542 [INFO] Fetching: SharePoint / OneDrive
2026-05-19 20:01:51,542 [INFO]   HTML → SharePoint / OneDrive
2026-05-19 20:01:51,790 [INFO]   → 6 raw items fetched.
2026-05-19 20:01:53,792 [INFO] Fetching: Microsoft 365 Roadmap
2026-05-19 20:01:53,792 [INFO]   RSS → Microsoft 365 Roadmap
2026-05-19 20:01:56,017 [INFO]   → 15 raw items fetched.
2026-05-19 20:01:58,019 [INFO] Fetching: Agent 365
2026-05-19 20:01:58,020 [INFO]   HTML → Agent 365
2026-05-19 20:02:00,614 [INFO]   → 1 raw items fetched.
2026-05-19 20:02:02,616 [INFO] Fetching: Defender for Endpoint
2026-05-19 20:02:02,616 [INFO]   HTML → Defender for Endpoint
2026-05-19 20:02:02,726 [INFO]   → 8 raw items fetched.
2026-05-19 20:02:04,729 [INFO] Fetching: Defender for Office 365
2026-05-19 20:02:04,729 [INFO]   HTML → Defender for Office 365
2026-05-19 20:02:06,224 [INFO]   → 18 raw items fetched.
2026-05-19 20:02:08,227 [INFO] Fetching: Exchange Online
2026-05-19 20:02:08,227 [INFO]   HTML → Exchange Online
2026-05-19 20:02:08,389 [INFO]   → 21 raw items fetched.
2026-05-19 20:02:10,391 [INFO] Fetching: Windows 365
2026-05-19 20:02:10,391 [INFO]   HTML → Windows 365
2026-05-19 20:02:10,834 [INFO]   → 17 raw items fetched.
2026-05-19 20:02:12,836 [INFO] Fetching: Autopilot
2026-05-19 20:02:12,837 [INFO]   HTML → Autopilot
2026-05-19 20:02:13,028 [INFO]   → 24 raw items fetched.
2026-05-19 20:02:15,030 [INFO] Fetching: Viva
2026-05-19 20:02:15,030 [INFO]   HTML → Viva
2026-05-19 20:02:16,748 [INFO]   → 0 raw items fetched.
2026-05-19 20:02:18,750 [INFO] Fetching: Global Secure Access
2026-05-19 20:02:18,750 [INFO]   HTML → Global Secure Access
2026-05-19 20:02:19,352 [WARNING]     Failed to fetch Global Secure Access: 404 Client Error: Not Found for url: https://learn.microsoft.com/en-us/entra/global-secure-access/whats-new-global-secure-access
2026-05-19 20:02:19,352 [INFO]   → 0 raw items fetched.
2026-05-19 20:02:21,355 [INFO] Fetching: Intune Known Issues
2026-05-19 20:02:21,355 [INFO]   HTML → Intune Known Issues
2026-05-19 20:02:21,821 [INFO]   → 21 raw items fetched.
2026-05-19 20:02:23,823 [INFO] Fetching: Windows 365 Known Issues
2026-05-19 20:02:23,823 [INFO]   HTML → Windows 365 Known Issues
2026-05-19 20:02:24,153 [WARNING]     Failed to fetch Windows 365 Known Issues: 404 Client Error: Not Found for url: https://learn.microsoft.com/en-us/windows-365/enterprise/known-issues
2026-05-19 20:02:24,153 [INFO]   → 0 raw items fetched.
2026-05-19 20:02:26,155 [INFO] Fetching: Autopilot Known Issues
2026-05-19 20:02:26,156 [INFO]   HTML → Autopilot Known Issues
2026-05-19 20:02:26,471 [INFO]   → 24 raw items fetched.
2026-05-19 20:02:28,473 [INFO] Fetching: Defender for Endpoint Known Issues
2026-05-19 20:02:28,473 [INFO]   HTML → Defender for Endpoint Known Issues
2026-05-19 20:02:28,805 [INFO]   → 24 raw items fetched.
2026-05-19 20:02:30,807 [INFO] Fetching: Defender XDR Known Issues
2026-05-19 20:02:30,808 [INFO]   HTML → Defender XDR Known Issues
2026-05-19 20:02:30,936 [INFO]   → 7 raw items fetched.
2026-05-19 20:02:32,938 [INFO] Fetching: Purview Known Issues
2026-05-19 20:02:32,938 [INFO]   HTML → Purview Known Issues
2026-05-19 20:02:33,114 [INFO]   → 4 raw items fetched.
2026-05-19 20:02:35,116 [INFO] Fetching: Entra ID Known Issues
2026-05-19 20:02:35,116 [INFO]   HTML → Entra ID Known Issues
2026-05-19 20:02:35,347 [INFO]   → 16 raw items fetched.
2026-05-19 20:02:37,350 [INFO] Fetching: Teams Known Issues
2026-05-19 20:02:37,350 [INFO]   HTML → Teams Known Issues
2026-05-19 20:02:38,164 [INFO]   → 9 raw items fetched.
2026-05-19 20:02:40,167 [INFO] Fetching: Windows Release Health
2026-05-19 20:02:40,167 [INFO]   HTML → Windows Release Health
2026-05-19 20:02:40,247 [INFO]   → 10 raw items fetched.
2026-05-19 20:02:42,254 [INFO] Health data written → /opt/modern-work-weekly/repo/site/data/health.json (115 items across 8 sources)
2026-05-19 20:02:42,264 [INFO] New items after dedup: 0
2026-05-19 20:02:42,264 [INFO] No new items this cycle. Nothing to draft.
2026-05-19 20:10:19,649 [INFO] State loaded — 251 previously seen items.
2026-05-19 20:10:19,649 [INFO] Fetching: Intune
2026-05-19 20:10:19,649 [INFO]   HTML → Intune
2026-05-19 20:10:19,975 [INFO]   → 17 raw items fetched.
2026-05-19 20:10:21,977 [INFO] Fetching: Defender XDR
2026-05-19 20:10:21,977 [INFO]   HTML → Defender XDR
2026-05-19 20:10:22,027 [INFO]   → 9 raw items fetched.
2026-05-19 20:10:24,029 [INFO] Fetching: Entra ID
2026-05-19 20:10:24,029 [INFO]   HTML → Entra ID
2026-05-19 20:10:24,182 [INFO]   → 24 raw items fetched.
2026-05-19 20:10:26,184 [INFO] Fetching: Teams
2026-05-19 20:10:26,184 [INFO]   HTML → Teams
2026-05-19 20:10:26,446 [INFO]   → 24 raw items fetched.
2026-05-19 20:10:28,448 [INFO] Fetching: Microsoft Security Blog (Zero Trust)
2026-05-19 20:10:28,448 [INFO]   RSS → Microsoft Security Blog (Zero Trust)
2026-05-19 20:10:28,706 [INFO]   → 10 raw items fetched.
2026-05-19 20:10:30,709 [INFO] Fetching: Purview
2026-05-19 20:10:30,709 [INFO]   HTML → Purview
2026-05-19 20:10:30,766 [INFO]   → 22 raw items fetched.
2026-05-19 20:10:32,768 [INFO] Fetching: SharePoint / OneDrive
2026-05-19 20:10:32,768 [INFO]   HTML → SharePoint / OneDrive
2026-05-19 20:10:32,950 [INFO]   → 6 raw items fetched.
2026-05-19 20:10:34,953 [INFO] Fetching: Microsoft 365 Roadmap
2026-05-19 20:10:34,953 [INFO]   RSS → Microsoft 365 Roadmap
2026-05-19 20:10:37,482 [INFO]   → 15 raw items fetched.
2026-05-19 20:10:39,485 [INFO] Fetching: Agent 365
2026-05-19 20:10:39,485 [INFO]   HTML → Agent 365
2026-05-19 20:10:41,628 [INFO]   → 1 raw items fetched.
2026-05-19 20:10:43,630 [INFO] Fetching: Defender for Endpoint
2026-05-19 20:10:43,630 [INFO]   HTML → Defender for Endpoint
2026-05-19 20:10:44,327 [INFO]   → 8 raw items fetched.
2026-05-19 20:10:46,329 [INFO] Fetching: Defender for Office 365
2026-05-19 20:10:46,330 [INFO]   HTML → Defender for Office 365
2026-05-19 20:10:46,399 [INFO]   → 18 raw items fetched.
2026-05-19 20:10:48,401 [INFO] Fetching: Exchange Online
2026-05-19 20:10:48,401 [INFO]   HTML → Exchange Online
2026-05-19 20:10:48,480 [INFO]   → 21 raw items fetched.
2026-05-19 20:10:50,482 [INFO] Fetching: Windows 365
2026-05-19 20:10:50,482 [INFO]   HTML → Windows 365
2026-05-19 20:10:50,630 [INFO]   → 17 raw items fetched.
2026-05-19 20:10:52,632 [INFO] Fetching: Autopilot
2026-05-19 20:10:52,632 [INFO]   HTML → Autopilot
2026-05-19 20:10:52,702 [INFO]   → 24 raw items fetched.
2026-05-19 20:10:54,704 [INFO] Fetching: Global Secure Access
2026-05-19 20:10:54,704 [INFO]   HTML → Global Secure Access
2026-05-19 20:10:54,842 [INFO]   → 24 raw items fetched.
2026-05-19 20:10:56,845 [INFO] Fetching: Intune Known Issues
2026-05-19 20:10:56,845 [INFO]   HTML → Intune Known Issues
2026-05-19 20:10:56,902 [INFO]   → 21 raw items fetched.
2026-05-19 20:10:58,904 [INFO] Fetching: Windows 365 Known Issues
2026-05-19 20:10:58,905 [INFO]   HTML → Windows 365 Known Issues
2026-05-19 20:10:59,295 [INFO]   → 16 raw items fetched.
2026-05-19 20:11:01,297 [INFO] Fetching: Autopilot Known Issues
2026-05-19 20:11:01,297 [INFO]   HTML → Autopilot Known Issues
2026-05-19 20:11:01,373 [INFO]   → 24 raw items fetched.
2026-05-19 20:11:03,375 [INFO] Fetching: Defender for Endpoint Known Issues
2026-05-19 20:11:03,375 [INFO]   HTML → Defender for Endpoint Known Issues
2026-05-19 20:11:03,496 [INFO]   → 24 raw items fetched.
2026-05-19 20:11:05,498 [INFO] Fetching: Defender XDR Known Issues
2026-05-19 20:11:05,498 [INFO]   HTML → Defender XDR Known Issues
2026-05-19 20:11:05,559 [INFO]   → 7 raw items fetched.
2026-05-19 20:11:07,561 [INFO] Fetching: Purview Known Issues
2026-05-19 20:11:07,561 [INFO]   HTML → Purview Known Issues
2026-05-19 20:11:07,834 [INFO]   → 4 raw items fetched.
2026-05-19 20:11:09,836 [INFO] Fetching: Entra ID Known Issues
2026-05-19 20:11:09,836 [INFO]   HTML → Entra ID Known Issues
2026-05-19 20:11:09,887 [INFO]   → 16 raw items fetched.
2026-05-19 20:11:11,890 [INFO] Fetching: Teams Known Issues
2026-05-19 20:11:11,890 [INFO]   HTML → Teams Known Issues
2026-05-19 20:11:11,998 [INFO]   → 9 raw items fetched.
2026-05-19 20:11:14,000 [INFO] Fetching: Windows Release Health
2026-05-19 20:11:14,000 [INFO]   HTML → Windows Release Health
2026-05-19 20:11:14,081 [INFO]   → 10 raw items fetched.
2026-05-19 20:11:16,090 [INFO] Health data written → /opt/modern-work-weekly/repo/site/data/health.json (131 items across 9 sources)
2026-05-19 20:11:16,099 [INFO] New items after dedup: 24
2026-05-19 20:11:16,144 [INFO] Draft saved → /opt/modern-work-weekly/repo/state/weekly_draft_2026-05-20.json
2026-05-19 20:11:16,145 [INFO] State saved — 262 items tracked total.
2026-05-19 20:16:23,624 [INFO] State loaded — 262 previously seen items.
2026-05-19 20:16:23,624 [INFO] Fetching: Intune
2026-05-19 20:16:23,624 [INFO]   HTML → Intune
2026-05-19 20:16:23,831 [INFO]   → 17 raw items fetched.
2026-05-19 20:16:25,833 [INFO] Fetching: Defender XDR
2026-05-19 20:16:25,833 [INFO]   HTML → Defender XDR
2026-05-19 20:16:25,882 [INFO]   → 9 raw items fetched.
2026-05-19 20:16:27,884 [INFO] Fetching: Entra ID
2026-05-19 20:16:27,884 [INFO]   HTML → Entra ID
2026-05-19 20:16:28,005 [INFO]   → 24 raw items fetched.
2026-05-19 20:16:30,008 [INFO] Fetching: Teams
2026-05-19 20:16:30,008 [INFO]   HTML → Teams
2026-05-19 20:16:30,338 [INFO]   → 24 raw items fetched.
2026-05-19 20:16:32,340 [INFO] Fetching: Microsoft Security Blog (Zero Trust)
2026-05-19 20:16:32,340 [INFO]   RSS → Microsoft Security Blog (Zero Trust)
2026-05-19 20:16:32,601 [INFO]   → 10 raw items fetched.
2026-05-19 20:16:34,603 [INFO] Fetching: Purview
2026-05-19 20:16:34,603 [INFO]   HTML → Purview
2026-05-19 20:16:34,662 [INFO]   → 22 raw items fetched.
2026-05-19 20:16:36,664 [INFO] Fetching: SharePoint / OneDrive
2026-05-19 20:16:36,665 [INFO]   HTML → SharePoint / OneDrive
2026-05-19 20:16:36,859 [INFO]   → 6 raw items fetched.
2026-05-19 20:16:38,862 [INFO] Fetching: Microsoft 365 Roadmap
2026-05-19 20:16:38,862 [INFO]   RSS → Microsoft 365 Roadmap
2026-05-19 20:16:40,937 [INFO]   → 15 raw items fetched.
2026-05-19 20:16:42,939 [INFO] Fetching: Agent 365
2026-05-19 20:16:42,939 [INFO]   HTML → Agent 365
2026-05-19 20:16:45,535 [INFO]   → 1 raw items fetched.
2026-05-19 20:16:47,537 [INFO] Fetching: Defender for Endpoint
2026-05-19 20:16:47,537 [INFO]   HTML → Defender for Endpoint
2026-05-19 20:16:47,634 [INFO]   → 8 raw items fetched.
2026-05-19 20:16:49,636 [INFO] Fetching: Defender for Office 365
2026-05-19 20:16:49,636 [INFO]   HTML → Defender for Office 365
2026-05-19 20:16:49,856 [INFO]   → 18 raw items fetched.
2026-05-19 20:16:51,858 [INFO] Fetching: Exchange Online
2026-05-19 20:16:51,858 [INFO]   HTML → Exchange Online
2026-05-19 20:16:51,924 [INFO]   → 21 raw items fetched.
2026-05-19 20:16:53,926 [INFO] Fetching: Windows 365
2026-05-19 20:16:53,926 [INFO]   HTML → Windows 365
2026-05-19 20:16:54,103 [INFO]   → 17 raw items fetched.
2026-05-19 20:16:56,106 [INFO] Fetching: Autopilot
2026-05-19 20:16:56,106 [INFO]   HTML → Autopilot
2026-05-19 20:16:56,176 [INFO]   → 24 raw items fetched.
2026-05-19 20:16:58,179 [INFO] Fetching: Global Secure Access
2026-05-19 20:16:58,179 [INFO]   HTML → Global Secure Access
2026-05-19 20:16:58,324 [INFO]   → 24 raw items fetched.
2026-05-19 20:17:00,327 [INFO] Fetching: Intune Known Issues
2026-05-19 20:17:00,327 [INFO]   HTML → Intune Known Issues
2026-05-19 20:17:00,374 [INFO]   → 21 raw items fetched.
2026-05-19 20:17:02,376 [INFO] Fetching: Windows 365 Known Issues
2026-05-19 20:17:02,376 [INFO]   HTML → Windows 365 Known Issues
2026-05-19 20:17:02,430 [INFO]   → 16 raw items fetched.
2026-05-19 20:17:04,433 [INFO] Fetching: Autopilot Known Issues
2026-05-19 20:17:04,433 [INFO]   HTML → Autopilot Known Issues
2026-05-19 20:17:04,504 [INFO]   → 24 raw items fetched.
2026-05-19 20:17:06,507 [INFO] Fetching: Defender for Endpoint Known Issues
2026-05-19 20:17:06,507 [INFO]   HTML → Defender for Endpoint Known Issues
2026-05-19 20:17:06,627 [INFO]   → 24 raw items fetched.
2026-05-19 20:17:08,630 [INFO] Fetching: Defender XDR Known Issues
2026-05-19 20:17:08,630 [INFO]   HTML → Defender XDR Known Issues
2026-05-19 20:17:08,708 [INFO]   → 7 raw items fetched.
2026-05-19 20:17:10,710 [INFO] Fetching: Purview Known Issues
2026-05-19 20:17:10,710 [INFO]   HTML → Purview Known Issues
2026-05-19 20:17:10,799 [INFO]   → 4 raw items fetched.
2026-05-19 20:17:12,801 [INFO] Fetching: Entra ID Known Issues
2026-05-19 20:17:12,801 [INFO]   HTML → Entra ID Known Issues
2026-05-19 20:17:12,846 [INFO]   → 16 raw items fetched.
2026-05-19 20:17:14,848 [INFO] Fetching: Teams Known Issues
2026-05-19 20:17:14,848 [INFO]   HTML → Teams Known Issues
2026-05-19 20:17:15,150 [INFO]   → 9 raw items fetched.
2026-05-19 20:17:17,152 [INFO] Fetching: Windows Release Health
2026-05-19 20:17:17,152 [INFO]   HTML → Windows Release Health
2026-05-19 20:17:17,198 [INFO]   → 10 raw items fetched.
2026-05-19 20:17:19,206 [INFO] Health data written → /opt/modern-work-weekly/repo/site/data/health.json (131 items across 9 sources)
2026-05-19 20:17:19,216 [INFO] New items after dedup: 0
2026-05-19 20:17:19,216 [INFO] No new items this cycle. Nothing to draft.
